2022-02-01 15:10:36 ERROR cant get connection 
2022-02-01 15:48:17 ERROR cant get connection 
2022-02-01 16:17:12 ERROR Something went wrong 
org.postgresql.util.PSQLException: The column name time was not found in this ResultSet.
	at org.postgresql.jdbc.PgResultSet.findColumn(PgResultSet.java:2865) ~[postgresql-42.3.1.jar:42.3.1]
	at org.postgresql.jdbc.PgResultSet.getTimestamp(PgResultSet.java:2783) ~[postgresql-42.3.1.jar:42.3.1]
	at com.revature.expensereimbursements.dl.RefundDAO.findAll(RefundDAO.java:71) [classes/:?]
	at com.revature.expensereimbursements.dl.DBRepo.findAll(DBRepo.java:31) [classes/:?]
	at com.revature.expensereimbursements.bl.RefundBL.getRefunds(RefundBL.java:29) [classes/:?]
	at com.revature.expensereimbursements.ui.MainMenu.getRefunds(MainMenu.java:118) [classes/:?]
	at com.revature.expensereimbursements.ui.MainMenu.start(MainMenu.java:57) [classes/:?]
	at com.revature.expensereimbursements.Driver.main(Driver.java:27) [classes/:?]
2022-02-01 16:18:04 ERROR Something went wrong 
org.postgresql.util.PSQLException: The column name time was not found in this ResultSet.
	at org.postgresql.jdbc.PgResultSet.findColumn(PgResultSet.java:2865) ~[postgresql-42.3.1.jar:42.3.1]
	at org.postgresql.jdbc.PgResultSet.getTimestamp(PgResultSet.java:2783) ~[postgresql-42.3.1.jar:42.3.1]
	at com.revature.expensereimbursements.dl.RefundDAO.findAll(RefundDAO.java:71) [classes/:?]
	at com.revature.expensereimbursements.dl.DBRepo.findAll(DBRepo.java:31) [classes/:?]
	at com.revature.expensereimbursements.bl.RefundBL.getRefunds(RefundBL.java:29) [classes/:?]
	at com.revature.expensereimbursements.ui.MainMenu.getRefunds(MainMenu.java:118) [classes/:?]
	at com.revature.expensereimbursements.ui.MainMenu.start(MainMenu.java:57) [classes/:?]
	at com.revature.expensereimbursements.Driver.main(Driver.java:27) [classes/:?]
2022-02-01 18:02:58 ERROR Error with connecting to DB 
2022-02-01 18:41:21 ERROR Error with connecting to DB 
2022-02-01 21:59:23 ERROR Issue not found 
2022-02-01 22:00:18 ERROR Issue not found 
2022-02-01 22:01:05 ERROR Error with connecting to DB 
2022-02-01 22:01:05 ERROR Issue not found 
2022-02-01 22:49:59 ERROR Invalid user input 
2022-02-01 22:54:21 ERROR Error with connecting to DB 
2022-02-02 00:33:07 ERROR Invalid user input 
2022-02-02 00:36:24 ERROR Invalid user input 
2022-02-02 00:37:34 ERROR Invalid user input 
2022-02-02 00:40:42 ERROR Invalid user input 
2022-02-02 00:42:24 ERROR Invalid user input 
2022-02-02 00:43:01 ERROR Invalid user input 
2022-02-02 00:45:14 ERROR Invalid user input 
2022-02-02 00:46:58 ERROR Invalid user input 
2022-02-02 00:47:52 ERROR Invalid user input 
2022-02-02 00:48:35 ERROR Invalid user input 
2022-02-02 00:58:28 ERROR Invalid user input 
2022-02-02 00:59:34 ERROR Invalid user input 
2022-02-02 09:54:15 ERROR Invalid user input 
2022-02-02 09:54:33 ERROR Invalid user input 
2022-02-02 09:54:44 ERROR Invalid user input 
2022-02-02 09:57:52 ERROR Invalid user input 
2022-02-02 14:42:02 ERROR Invalid user input 
2022-02-02 14:42:29 ERROR Invalid user input 
2022-02-02 14:43:08 ERROR Invalid user input 
2022-02-08 21:09:35 ERROR Something went wrong 
org.postgresql.util.PSQLException: ERROR: null value in column "pass" violates not-null constraint
  Detail: Failing row contains (1, Mike Carter, null, null).
	at org.postgresql.core.v3.QueryExecutorImpl.receiveErrorResponse(QueryExecutorImpl.java:2675) ~[postgresql-42.3.2.jar:42.3.2]
	at org.postgresql.core.v3.QueryExecutorImpl.processResults(QueryExecutorImpl.java:2365) ~[postgresql-42.3.2.jar:42.3.2]
	at org.postgresql.core.v3.QueryExecutorImpl.execute(QueryExecutorImpl.java:355) ~[postgresql-42.3.2.jar:42.3.2]
	at org.postgresql.jdbc.PgStatement.executeInternal(PgStatement.java:490) ~[postgresql-42.3.2.jar:42.3.2]
	at org.postgresql.jdbc.PgStatement.execute(PgStatement.java:408) ~[postgresql-42.3.2.jar:42.3.2]
	at org.postgresql.jdbc.PgPreparedStatement.executeWithFlags(PgPreparedStatement.java:166) ~[postgresql-42.3.2.jar:42.3.2]
	at org.postgresql.jdbc.PgPreparedStatement.execute(PgPreparedStatement.java:155) ~[postgresql-42.3.2.jar:42.3.2]
	at com.revature.expensereimbursements.dl.EmployeeDAO.add(EmployeeDAO.java:119) ~[classes/:?]
	at com.revature.expensereimbursements.dl.EmployeeDAO.add(EmployeeDAO.java:1) ~[classes/:?]
	at com.revature.expensereimbursements.dl.DBRepo.addEmployee(DBRepo.java:50) ~[classes/:?]
	at com.revature.expensereimbursements.bl.EmployeeBL.addEmployee(EmployeeBL.java:19) ~[classes/:?]
	at com.revature.expensereimbursements.controllers.EmployeeController.lambda$2(EmployeeController.java:59) ~[classes/:?]
	at io.javalin.plugin.openapi.dsl.DocumentedHandler.handle(DocumentedHandler.kt:10) ~[javalin-openapi-4.2.0.jar:4.2.0]
	at io.javalin.core.security.SecurityUtil.noopAccessManager(SecurityUtil.kt:20) ~[javalin-4.2.0.jar:4.2.0]
	at io.javalin.http.JavalinServlet.addHandler$lambda-5(JavalinServlet.kt:113) ~[javalin-4.2.0.jar:4.2.0]
	at io.javalin.http.JavalinServlet$service$tryBeforeAndEndpointHandlers$1.invoke(JavalinServlet.kt:44) ~[javalin-4.2.0.jar:4.2.0]
	at io.javalin.http.JavalinServlet$service$tryBeforeAndEndpointHandlers$1.invoke(JavalinServlet.kt:39) ~[javalin-4.2.0.jar:4.2.0]
	at io.javalin.http.JavalinServlet.service$tryWithExceptionMapper(JavalinServlet.kt:129) ~[javalin-4.2.0.jar:4.2.0]
	at io.javalin.http.JavalinServlet.service$tryBeforeAndEndpointHandlers(JavalinServlet.kt:39) ~[javalin-4.2.0.jar:4.2.0]
	at io.javalin.http.JavalinServlet.service(JavalinServlet.kt:87) ~[javalin-4.2.0.jar:4.2.0]
	at javax.servlet.http.HttpServlet.service(HttpServlet.java:790) ~[javax.servlet-api-3.1.0.jar:3.1.0]
	at io.javalin.jetty.JavalinJettyServlet.service(JavalinJettyServlet.kt:58) ~[javalin-4.2.0.jar:4.2.0]
	at javax.servlet.http.HttpServlet.service(HttpServlet.java:790) ~[javax.servlet-api-3.1.0.jar:3.1.0]
	at org.eclipse.jetty.servlet.ServletHolder.handle(ServletHolder.java:799) ~[jetty-servlet-9.4.44.v20210927.jar:9.4.44.v20210927]
	at org.eclipse.jetty.servlet.ServletHandler.doHandle(ServletHandler.java:550) ~[jetty-servlet-9.4.44.v20210927.jar:9.4.44.v20210927]
	at org.eclipse.jetty.server.handler.ScopedHandler.nextHandle(ScopedHandler.java:233) ~[jetty-server-9.4.44.v20210927.jar:9.4.44.v20210927]
	at org.eclipse.jetty.server.session.SessionHandler.doHandle(SessionHandler.java:1624) ~[jetty-server-9.4.44.v20210927.jar:9.4.44.v20210927]
	at org.eclipse.jetty.server.handler.ScopedHandler.nextHandle(ScopedHandler.java:233) ~[jetty-server-9.4.44.v20210927.jar:9.4.44.v20210927]
	at io.javalin.jetty.JettyServer$start$wsAndHttpHandler$1.doHandle(JettyServer.kt:52) ~[javalin-4.2.0.jar:4.2.0]
	at org.eclipse.jetty.server.handler.ScopedHandler.nextScope(ScopedHandler.java:188) ~[jetty-server-9.4.44.v20210927.jar:9.4.44.v20210927]
	at org.eclipse.jetty.servlet.ServletHandler.doScope(ServletHandler.java:501) ~[jetty-servlet-9.4.44.v20210927.jar:9.4.44.v20210927]
	at org.eclipse.jetty.server.session.SessionHandler.doScope(SessionHandler.java:1594) ~[jetty-server-9.4.44.v20210927.jar:9.4.44.v20210927]
	at org.eclipse.jetty.server.handler.ScopedHandler.nextScope(ScopedHandler.java:186) ~[jetty-server-9.4.44.v20210927.jar:9.4.44.v20210927]
	at org.eclipse.jetty.server.handler.ContextHandler.doScope(ContextHandler.java:1349) ~[jetty-server-9.4.44.v20210927.jar:9.4.44.v20210927]
	at org.eclipse.jetty.server.handler.ScopedHandler.handle(ScopedHandler.java:141) ~[jetty-server-9.4.44.v20210927.jar:9.4.44.v20210927]
	at org.eclipse.jetty.server.handler.StatisticsHandler.handle(StatisticsHandler.java:179) ~[jetty-server-9.4.44.v20210927.jar:9.4.44.v20210927]
	at org.eclipse.jetty.server.handler.HandlerWrapper.handle(HandlerWrapper.java:127) ~[jetty-server-9.4.44.v20210927.jar:9.4.44.v20210927]
	at org.eclipse.jetty.server.Server.handle(Server.java:516) ~[jetty-server-9.4.44.v20210927.jar:9.4.44.v20210927]
	at org.eclipse.jetty.server.HttpChannel.lambda$handle$1(HttpChannel.java:400) ~[jetty-server-9.4.44.v20210927.jar:9.4.44.v20210927]
	at org.eclipse.jetty.server.HttpChannel.dispatch(HttpChannel.java:645) ~[jetty-server-9.4.44.v20210927.jar:9.4.44.v20210927]
	at org.eclipse.jetty.server.HttpChannel.handle(HttpChannel.java:392) ~[jetty-server-9.4.44.v20210927.jar:9.4.44.v20210927]
	at org.eclipse.jetty.server.HttpConnection.onFillable(HttpConnection.java:277) ~[jetty-server-9.4.44.v20210927.jar:9.4.44.v20210927]
	at org.eclipse.jetty.io.AbstractConnection$ReadCallback.succeeded(AbstractConnection.java:311) ~[jetty-io-9.4.44.v20210927.jar:9.4.44.v20210927]
	at org.eclipse.jetty.io.FillInterest.fillable(FillInterest.java:105) ~[jetty-io-9.4.44.v20210927.jar:9.4.44.v20210927]
	at org.eclipse.jetty.io.ChannelEndPoint$1.run(ChannelEndPoint.java:104) ~[jetty-io-9.4.44.v20210927.jar:9.4.44.v20210927]
	at org.eclipse.jetty.util.thread.strategy.EatWhatYouKill.runTask(EatWhatYouKill.java:338) ~[jetty-util-9.4.44.v20210927.jar:9.4.44.v20210927]
	at org.eclipse.jetty.util.thread.strategy.EatWhatYouKill.doProduce(EatWhatYouKill.java:315) ~[jetty-util-9.4.44.v20210927.jar:9.4.44.v20210927]
	at org.eclipse.jetty.util.thread.strategy.EatWhatYouKill.tryProduce(EatWhatYouKill.java:173) ~[jetty-util-9.4.44.v20210927.jar:9.4.44.v20210927]
	at org.eclipse.jetty.util.thread.strategy.EatWhatYouKill.produce(EatWhatYouKill.java:137) ~[jetty-util-9.4.44.v20210927.jar:9.4.44.v20210927]
	at org.eclipse.jetty.util.thread.QueuedThreadPool.runJob(QueuedThreadPool.java:883) [jetty-util-9.4.44.v20210927.jar:9.4.44.v20210927]
	at org.eclipse.jetty.util.thread.QueuedThreadPool$Runner.run(QueuedThreadPool.java:1034) [jetty-util-9.4.44.v20210927.jar:9.4.44.v20210927]
	at java.lang.Thread.run(Thread.java:833) [?:?]
2022-02-08 21:14:55 ERROR Something went wrong 
org.postgresql.util.PSQLException: ERROR: null value in column "pass" violates not-null constraint
  Detail: Failing row contains (1, Mike Carter, null, null).
	at org.postgresql.core.v3.QueryExecutorImpl.receiveErrorResponse(QueryExecutorImpl.java:2675) ~[postgresql-42.3.2.jar:42.3.2]
	at org.postgresql.core.v3.QueryExecutorImpl.processResults(QueryExecutorImpl.java:2365) ~[postgresql-42.3.2.jar:42.3.2]
	at org.postgresql.core.v3.QueryExecutorImpl.execute(QueryExecutorImpl.java:355) ~[postgresql-42.3.2.jar:42.3.2]
	at org.postgresql.jdbc.PgStatement.executeInternal(PgStatement.java:490) ~[postgresql-42.3.2.jar:42.3.2]
	at org.postgresql.jdbc.PgStatement.execute(PgStatement.java:408) ~[postgresql-42.3.2.jar:42.3.2]
	at org.postgresql.jdbc.PgPreparedStatement.executeWithFlags(PgPreparedStatement.java:166) ~[postgresql-42.3.2.jar:42.3.2]
	at org.postgresql.jdbc.PgPreparedStatement.execute(PgPreparedStatement.java:155) ~[postgresql-42.3.2.jar:42.3.2]
	at com.revature.expensereimbursements.dl.EmployeeDAO.add(EmployeeDAO.java:119) ~[classes/:?]
	at com.revature.expensereimbursements.dl.EmployeeDAO.add(EmployeeDAO.java:1) ~[classes/:?]
	at com.revature.expensereimbursements.dl.DBRepo.addEmployee(DBRepo.java:50) ~[classes/:?]
	at com.revature.expensereimbursements.bl.EmployeeBL.addEmployee(EmployeeBL.java:19) ~[classes/:?]
	at com.revature.expensereimbursements.controllers.EmployeeController.lambda$2(EmployeeController.java:59) ~[classes/:?]
	at io.javalin.plugin.openapi.dsl.DocumentedHandler.handle(DocumentedHandler.kt:10) ~[javalin-openapi-4.2.0.jar:4.2.0]
	at io.javalin.core.security.SecurityUtil.noopAccessManager(SecurityUtil.kt:20) ~[javalin-4.2.0.jar:4.2.0]
	at io.javalin.http.JavalinServlet.addHandler$lambda-5(JavalinServlet.kt:113) ~[javalin-4.2.0.jar:4.2.0]
	at io.javalin.http.JavalinServlet$service$tryBeforeAndEndpointHandlers$1.invoke(JavalinServlet.kt:44) ~[javalin-4.2.0.jar:4.2.0]
	at io.javalin.http.JavalinServlet$service$tryBeforeAndEndpointHandlers$1.invoke(JavalinServlet.kt:39) ~[javalin-4.2.0.jar:4.2.0]
	at io.javalin.http.JavalinServlet.service$tryWithExceptionMapper(JavalinServlet.kt:129) ~[javalin-4.2.0.jar:4.2.0]
	at io.javalin.http.JavalinServlet.service$tryBeforeAndEndpointHandlers(JavalinServlet.kt:39) ~[javalin-4.2.0.jar:4.2.0]
	at io.javalin.http.JavalinServlet.service(JavalinServlet.kt:87) ~[javalin-4.2.0.jar:4.2.0]
	at javax.servlet.http.HttpServlet.service(HttpServlet.java:790) ~[javax.servlet-api-3.1.0.jar:3.1.0]
	at io.javalin.jetty.JavalinJettyServlet.service(JavalinJettyServlet.kt:58) ~[javalin-4.2.0.jar:4.2.0]
	at javax.servlet.http.HttpServlet.service(HttpServlet.java:790) ~[javax.servlet-api-3.1.0.jar:3.1.0]
	at org.eclipse.jetty.servlet.ServletHolder.handle(ServletHolder.java:799) ~[jetty-servlet-9.4.44.v20210927.jar:9.4.44.v20210927]
	at org.eclipse.jetty.servlet.ServletHandler.doHandle(ServletHandler.java:550) ~[jetty-servlet-9.4.44.v20210927.jar:9.4.44.v20210927]
	at org.eclipse.jetty.server.handler.ScopedHandler.nextHandle(ScopedHandler.java:233) ~[jetty-server-9.4.44.v20210927.jar:9.4.44.v20210927]
	at org.eclipse.jetty.server.session.SessionHandler.doHandle(SessionHandler.java:1624) ~[jetty-server-9.4.44.v20210927.jar:9.4.44.v20210927]
	at org.eclipse.jetty.server.handler.ScopedHandler.nextHandle(ScopedHandler.java:233) ~[jetty-server-9.4.44.v20210927.jar:9.4.44.v20210927]
	at io.javalin.jetty.JettyServer$start$wsAndHttpHandler$1.doHandle(JettyServer.kt:52) ~[javalin-4.2.0.jar:4.2.0]
	at org.eclipse.jetty.server.handler.ScopedHandler.nextScope(ScopedHandler.java:188) ~[jetty-server-9.4.44.v20210927.jar:9.4.44.v20210927]
	at org.eclipse.jetty.servlet.ServletHandler.doScope(ServletHandler.java:501) ~[jetty-servlet-9.4.44.v20210927.jar:9.4.44.v20210927]
	at org.eclipse.jetty.server.session.SessionHandler.doScope(SessionHandler.java:1594) ~[jetty-server-9.4.44.v20210927.jar:9.4.44.v20210927]
	at org.eclipse.jetty.server.handler.ScopedHandler.nextScope(ScopedHandler.java:186) ~[jetty-server-9.4.44.v20210927.jar:9.4.44.v20210927]
	at org.eclipse.jetty.server.handler.ContextHandler.doScope(ContextHandler.java:1349) ~[jetty-server-9.4.44.v20210927.jar:9.4.44.v20210927]
	at org.eclipse.jetty.server.handler.ScopedHandler.handle(ScopedHandler.java:141) ~[jetty-server-9.4.44.v20210927.jar:9.4.44.v20210927]
	at org.eclipse.jetty.server.handler.StatisticsHandler.handle(StatisticsHandler.java:179) ~[jetty-server-9.4.44.v20210927.jar:9.4.44.v20210927]
	at org.eclipse.jetty.server.handler.HandlerWrapper.handle(HandlerWrapper.java:127) ~[jetty-server-9.4.44.v20210927.jar:9.4.44.v20210927]
	at org.eclipse.jetty.server.Server.handle(Server.java:516) ~[jetty-server-9.4.44.v20210927.jar:9.4.44.v20210927]
	at org.eclipse.jetty.server.HttpChannel.lambda$handle$1(HttpChannel.java:400) ~[jetty-server-9.4.44.v20210927.jar:9.4.44.v20210927]
	at org.eclipse.jetty.server.HttpChannel.dispatch(HttpChannel.java:645) ~[jetty-server-9.4.44.v20210927.jar:9.4.44.v20210927]
	at org.eclipse.jetty.server.HttpChannel.handle(HttpChannel.java:392) ~[jetty-server-9.4.44.v20210927.jar:9.4.44.v20210927]
	at org.eclipse.jetty.server.HttpConnection.onFillable(HttpConnection.java:277) ~[jetty-server-9.4.44.v20210927.jar:9.4.44.v20210927]
	at org.eclipse.jetty.io.AbstractConnection$ReadCallback.succeeded(AbstractConnection.java:311) ~[jetty-io-9.4.44.v20210927.jar:9.4.44.v20210927]
	at org.eclipse.jetty.io.FillInterest.fillable(FillInterest.java:105) ~[jetty-io-9.4.44.v20210927.jar:9.4.44.v20210927]
	at org.eclipse.jetty.io.ChannelEndPoint$1.run(ChannelEndPoint.java:104) ~[jetty-io-9.4.44.v20210927.jar:9.4.44.v20210927]
	at org.eclipse.jetty.util.thread.strategy.EatWhatYouKill.runTask(EatWhatYouKill.java:338) ~[jetty-util-9.4.44.v20210927.jar:9.4.44.v20210927]
	at org.eclipse.jetty.util.thread.strategy.EatWhatYouKill.doProduce(EatWhatYouKill.java:315) ~[jetty-util-9.4.44.v20210927.jar:9.4.44.v20210927]
	at org.eclipse.jetty.util.thread.strategy.EatWhatYouKill.tryProduce(EatWhatYouKill.java:173) ~[jetty-util-9.4.44.v20210927.jar:9.4.44.v20210927]
	at org.eclipse.jetty.util.thread.strategy.EatWhatYouKill.produce(EatWhatYouKill.java:137) ~[jetty-util-9.4.44.v20210927.jar:9.4.44.v20210927]
	at org.eclipse.jetty.util.thread.QueuedThreadPool.runJob(QueuedThreadPool.java:883) [jetty-util-9.4.44.v20210927.jar:9.4.44.v20210927]
	at org.eclipse.jetty.util.thread.QueuedThreadPool$Runner.run(QueuedThreadPool.java:1034) [jetty-util-9.4.44.v20210927.jar:9.4.44.v20210927]
	at java.lang.Thread.run(Thread.java:833) [?:?]
2022-02-08 21:25:27 ERROR Something went wrong 
org.postgresql.util.PSQLException: ERROR: null value in column "pass" violates not-null constraint
  Detail: Failing row contains (1, strithisng, null, null).
	at org.postgresql.core.v3.QueryExecutorImpl.receiveErrorResponse(QueryExecutorImpl.java:2675) ~[postgresql-42.3.2.jar:42.3.2]
	at org.postgresql.core.v3.QueryExecutorImpl.processResults(QueryExecutorImpl.java:2365) ~[postgresql-42.3.2.jar:42.3.2]
	at org.postgresql.core.v3.QueryExecutorImpl.execute(QueryExecutorImpl.java:355) ~[postgresql-42.3.2.jar:42.3.2]
	at org.postgresql.jdbc.PgStatement.executeInternal(PgStatement.java:490) ~[postgresql-42.3.2.jar:42.3.2]
	at org.postgresql.jdbc.PgStatement.execute(PgStatement.java:408) ~[postgresql-42.3.2.jar:42.3.2]
	at org.postgresql.jdbc.PgPreparedStatement.executeWithFlags(PgPreparedStatement.java:166) ~[postgresql-42.3.2.jar:42.3.2]
	at org.postgresql.jdbc.PgPreparedStatement.execute(PgPreparedStatement.java:155) ~[postgresql-42.3.2.jar:42.3.2]
	at com.revature.expensereimbursements.dl.EmployeeDAO.add(EmployeeDAO.java:119) ~[classes/:?]
	at com.revature.expensereimbursements.dl.EmployeeDAO.add(EmployeeDAO.java:1) ~[classes/:?]
	at com.revature.expensereimbursements.dl.DBRepo.addEmployee(DBRepo.java:50) ~[classes/:?]
	at com.revature.expensereimbursements.bl.EmployeeBL.addEmployee(EmployeeBL.java:19) ~[classes/:?]
	at com.revature.expensereimbursements.controllers.EmployeeController.lambda$2(EmployeeController.java:59) ~[classes/:?]
	at io.javalin.plugin.openapi.dsl.DocumentedHandler.handle(DocumentedHandler.kt:10) ~[javalin-openapi-4.2.0.jar:4.2.0]
	at io.javalin.core.security.SecurityUtil.noopAccessManager(SecurityUtil.kt:20) ~[javalin-4.2.0.jar:4.2.0]
	at io.javalin.http.JavalinServlet.addHandler$lambda-5(JavalinServlet.kt:113) ~[javalin-4.2.0.jar:4.2.0]
	at io.javalin.http.JavalinServlet$service$tryBeforeAndEndpointHandlers$1.invoke(JavalinServlet.kt:44) ~[javalin-4.2.0.jar:4.2.0]
	at io.javalin.http.JavalinServlet$service$tryBeforeAndEndpointHandlers$1.invoke(JavalinServlet.kt:39) ~[javalin-4.2.0.jar:4.2.0]
	at io.javalin.http.JavalinServlet.service$tryWithExceptionMapper(JavalinServlet.kt:129) ~[javalin-4.2.0.jar:4.2.0]
	at io.javalin.http.JavalinServlet.service$tryBeforeAndEndpointHandlers(JavalinServlet.kt:39) ~[javalin-4.2.0.jar:4.2.0]
	at io.javalin.http.JavalinServlet.service(JavalinServlet.kt:87) ~[javalin-4.2.0.jar:4.2.0]
	at javax.servlet.http.HttpServlet.service(HttpServlet.java:790) ~[javax.servlet-api-3.1.0.jar:3.1.0]
	at io.javalin.jetty.JavalinJettyServlet.service(JavalinJettyServlet.kt:58) ~[javalin-4.2.0.jar:4.2.0]
	at javax.servlet.http.HttpServlet.service(HttpServlet.java:790) ~[javax.servlet-api-3.1.0.jar:3.1.0]
	at org.eclipse.jetty.servlet.ServletHolder.handle(ServletHolder.java:799) ~[jetty-servlet-9.4.44.v20210927.jar:9.4.44.v20210927]
	at org.eclipse.jetty.servlet.ServletHandler.doHandle(ServletHandler.java:550) ~[jetty-servlet-9.4.44.v20210927.jar:9.4.44.v20210927]
	at org.eclipse.jetty.server.handler.ScopedHandler.nextHandle(ScopedHandler.java:233) ~[jetty-server-9.4.44.v20210927.jar:9.4.44.v20210927]
	at org.eclipse.jetty.server.session.SessionHandler.doHandle(SessionHandler.java:1624) ~[jetty-server-9.4.44.v20210927.jar:9.4.44.v20210927]
	at org.eclipse.jetty.server.handler.ScopedHandler.nextHandle(ScopedHandler.java:233) ~[jetty-server-9.4.44.v20210927.jar:9.4.44.v20210927]
	at io.javalin.jetty.JettyServer$start$wsAndHttpHandler$1.doHandle(JettyServer.kt:52) ~[javalin-4.2.0.jar:4.2.0]
	at org.eclipse.jetty.server.handler.ScopedHandler.nextScope(ScopedHandler.java:188) ~[jetty-server-9.4.44.v20210927.jar:9.4.44.v20210927]
	at org.eclipse.jetty.servlet.ServletHandler.doScope(ServletHandler.java:501) ~[jetty-servlet-9.4.44.v20210927.jar:9.4.44.v20210927]
	at org.eclipse.jetty.server.session.SessionHandler.doScope(SessionHandler.java:1594) ~[jetty-server-9.4.44.v20210927.jar:9.4.44.v20210927]
	at org.eclipse.jetty.server.handler.ScopedHandler.nextScope(ScopedHandler.java:186) ~[jetty-server-9.4.44.v20210927.jar:9.4.44.v20210927]
	at org.eclipse.jetty.server.handler.ContextHandler.doScope(ContextHandler.java:1349) ~[jetty-server-9.4.44.v20210927.jar:9.4.44.v20210927]
	at org.eclipse.jetty.server.handler.ScopedHandler.handle(ScopedHandler.java:141) ~[jetty-server-9.4.44.v20210927.jar:9.4.44.v20210927]
	at org.eclipse.jetty.server.handler.StatisticsHandler.handle(StatisticsHandler.java:179) ~[jetty-server-9.4.44.v20210927.jar:9.4.44.v20210927]
	at org.eclipse.jetty.server.handler.HandlerWrapper.handle(HandlerWrapper.java:127) ~[jetty-server-9.4.44.v20210927.jar:9.4.44.v20210927]
	at org.eclipse.jetty.server.Server.handle(Server.java:516) ~[jetty-server-9.4.44.v20210927.jar:9.4.44.v20210927]
	at org.eclipse.jetty.server.HttpChannel.lambda$handle$1(HttpChannel.java:400) ~[jetty-server-9.4.44.v20210927.jar:9.4.44.v20210927]
	at org.eclipse.jetty.server.HttpChannel.dispatch(HttpChannel.java:645) ~[jetty-server-9.4.44.v20210927.jar:9.4.44.v20210927]
	at org.eclipse.jetty.server.HttpChannel.handle(HttpChannel.java:392) ~[jetty-server-9.4.44.v20210927.jar:9.4.44.v20210927]
	at org.eclipse.jetty.server.HttpConnection.onFillable(HttpConnection.java:277) ~[jetty-server-9.4.44.v20210927.jar:9.4.44.v20210927]
	at org.eclipse.jetty.io.AbstractConnection$ReadCallback.succeeded(AbstractConnection.java:311) ~[jetty-io-9.4.44.v20210927.jar:9.4.44.v20210927]
	at org.eclipse.jetty.io.FillInterest.fillable(FillInterest.java:105) ~[jetty-io-9.4.44.v20210927.jar:9.4.44.v20210927]
	at org.eclipse.jetty.io.ChannelEndPoint$1.run(ChannelEndPoint.java:104) ~[jetty-io-9.4.44.v20210927.jar:9.4.44.v20210927]
	at org.eclipse.jetty.util.thread.strategy.EatWhatYouKill.runTask(EatWhatYouKill.java:338) ~[jetty-util-9.4.44.v20210927.jar:9.4.44.v20210927]
	at org.eclipse.jetty.util.thread.strategy.EatWhatYouKill.doProduce(EatWhatYouKill.java:315) ~[jetty-util-9.4.44.v20210927.jar:9.4.44.v20210927]
	at org.eclipse.jetty.util.thread.strategy.EatWhatYouKill.tryProduce(EatWhatYouKill.java:173) ~[jetty-util-9.4.44.v20210927.jar:9.4.44.v20210927]
	at org.eclipse.jetty.util.thread.strategy.EatWhatYouKill.produce(EatWhatYouKill.java:137) ~[jetty-util-9.4.44.v20210927.jar:9.4.44.v20210927]
	at org.eclipse.jetty.util.thread.QueuedThreadPool.runJob(QueuedThreadPool.java:883) [jetty-util-9.4.44.v20210927.jar:9.4.44.v20210927]
	at org.eclipse.jetty.util.thread.QueuedThreadPool$Runner.run(QueuedThreadPool.java:1034) [jetty-util-9.4.44.v20210927.jar:9.4.44.v20210927]
	at java.lang.Thread.run(Thread.java:833) [?:?]
2022-02-08 21:36:12 ERROR Something went wrong 
org.postgresql.util.PSQLException: ERROR: null value in column "pass" violates not-null constraint
  Detail: Failing row contains (1, stthisring, null, null).
	at org.postgresql.core.v3.QueryExecutorImpl.receiveErrorResponse(QueryExecutorImpl.java:2675) ~[postgresql-42.3.2.jar:42.3.2]
	at org.postgresql.core.v3.QueryExecutorImpl.processResults(QueryExecutorImpl.java:2365) ~[postgresql-42.3.2.jar:42.3.2]
	at org.postgresql.core.v3.QueryExecutorImpl.execute(QueryExecutorImpl.java:355) ~[postgresql-42.3.2.jar:42.3.2]
	at org.postgresql.jdbc.PgStatement.executeInternal(PgStatement.java:490) ~[postgresql-42.3.2.jar:42.3.2]
	at org.postgresql.jdbc.PgStatement.execute(PgStatement.java:408) ~[postgresql-42.3.2.jar:42.3.2]
	at org.postgresql.jdbc.PgPreparedStatement.executeWithFlags(PgPreparedStatement.java:166) ~[postgresql-42.3.2.jar:42.3.2]
	at org.postgresql.jdbc.PgPreparedStatement.execute(PgPreparedStatement.java:155) ~[postgresql-42.3.2.jar:42.3.2]
	at com.revature.expensereimbursements.dl.EmployeeDAO.add(EmployeeDAO.java:119) ~[classes/:?]
	at com.revature.expensereimbursements.dl.EmployeeDAO.add(EmployeeDAO.java:1) ~[classes/:?]
	at com.revature.expensereimbursements.dl.DBRepo.addEmployee(DBRepo.java:50) ~[classes/:?]
	at com.revature.expensereimbursements.bl.EmployeeBL.addEmployee(EmployeeBL.java:19) ~[classes/:?]
	at com.revature.expensereimbursements.controllers.EmployeeController.lambda$2(EmployeeController.java:59) ~[classes/:?]
	at io.javalin.plugin.openapi.dsl.DocumentedHandler.handle(DocumentedHandler.kt:10) ~[javalin-openapi-4.2.0.jar:4.2.0]
	at io.javalin.core.security.SecurityUtil.noopAccessManager(SecurityUtil.kt:20) ~[javalin-4.2.0.jar:4.2.0]
	at io.javalin.http.JavalinServlet.addHandler$lambda-5(JavalinServlet.kt:113) ~[javalin-4.2.0.jar:4.2.0]
	at io.javalin.http.JavalinServlet$service$tryBeforeAndEndpointHandlers$1.invoke(JavalinServlet.kt:44) ~[javalin-4.2.0.jar:4.2.0]
	at io.javalin.http.JavalinServlet$service$tryBeforeAndEndpointHandlers$1.invoke(JavalinServlet.kt:39) ~[javalin-4.2.0.jar:4.2.0]
	at io.javalin.http.JavalinServlet.service$tryWithExceptionMapper(JavalinServlet.kt:129) ~[javalin-4.2.0.jar:4.2.0]
	at io.javalin.http.JavalinServlet.service$tryBeforeAndEndpointHandlers(JavalinServlet.kt:39) ~[javalin-4.2.0.jar:4.2.0]
	at io.javalin.http.JavalinServlet.service(JavalinServlet.kt:87) ~[javalin-4.2.0.jar:4.2.0]
	at javax.servlet.http.HttpServlet.service(HttpServlet.java:790) ~[javax.servlet-api-3.1.0.jar:3.1.0]
	at io.javalin.jetty.JavalinJettyServlet.service(JavalinJettyServlet.kt:58) ~[javalin-4.2.0.jar:4.2.0]
	at javax.servlet.http.HttpServlet.service(HttpServlet.java:790) ~[javax.servlet-api-3.1.0.jar:3.1.0]
	at org.eclipse.jetty.servlet.ServletHolder.handle(ServletHolder.java:799) ~[jetty-servlet-9.4.44.v20210927.jar:9.4.44.v20210927]
	at org.eclipse.jetty.servlet.ServletHandler.doHandle(ServletHandler.java:550) ~[jetty-servlet-9.4.44.v20210927.jar:9.4.44.v20210927]
	at org.eclipse.jetty.server.handler.ScopedHandler.nextHandle(ScopedHandler.java:233) ~[jetty-server-9.4.44.v20210927.jar:9.4.44.v20210927]
	at org.eclipse.jetty.server.session.SessionHandler.doHandle(SessionHandler.java:1624) ~[jetty-server-9.4.44.v20210927.jar:9.4.44.v20210927]
	at org.eclipse.jetty.server.handler.ScopedHandler.nextHandle(ScopedHandler.java:233) ~[jetty-server-9.4.44.v20210927.jar:9.4.44.v20210927]
	at io.javalin.jetty.JettyServer$start$wsAndHttpHandler$1.doHandle(JettyServer.kt:52) ~[javalin-4.2.0.jar:4.2.0]
	at org.eclipse.jetty.server.handler.ScopedHandler.nextScope(ScopedHandler.java:188) ~[jetty-server-9.4.44.v20210927.jar:9.4.44.v20210927]
	at org.eclipse.jetty.servlet.ServletHandler.doScope(ServletHandler.java:501) ~[jetty-servlet-9.4.44.v20210927.jar:9.4.44.v20210927]
	at org.eclipse.jetty.server.session.SessionHandler.doScope(SessionHandler.java:1594) ~[jetty-server-9.4.44.v20210927.jar:9.4.44.v20210927]
	at org.eclipse.jetty.server.handler.ScopedHandler.nextScope(ScopedHandler.java:186) ~[jetty-server-9.4.44.v20210927.jar:9.4.44.v20210927]
	at org.eclipse.jetty.server.handler.ContextHandler.doScope(ContextHandler.java:1349) ~[jetty-server-9.4.44.v20210927.jar:9.4.44.v20210927]
	at org.eclipse.jetty.server.handler.ScopedHandler.handle(ScopedHandler.java:141) ~[jetty-server-9.4.44.v20210927.jar:9.4.44.v20210927]
	at org.eclipse.jetty.server.handler.StatisticsHandler.handle(StatisticsHandler.java:179) ~[jetty-server-9.4.44.v20210927.jar:9.4.44.v20210927]
	at org.eclipse.jetty.server.handler.HandlerWrapper.handle(HandlerWrapper.java:127) ~[jetty-server-9.4.44.v20210927.jar:9.4.44.v20210927]
	at org.eclipse.jetty.server.Server.handle(Server.java:516) ~[jetty-server-9.4.44.v20210927.jar:9.4.44.v20210927]
	at org.eclipse.jetty.server.HttpChannel.lambda$handle$1(HttpChannel.java:400) ~[jetty-server-9.4.44.v20210927.jar:9.4.44.v20210927]
	at org.eclipse.jetty.server.HttpChannel.dispatch(HttpChannel.java:645) ~[jetty-server-9.4.44.v20210927.jar:9.4.44.v20210927]
	at org.eclipse.jetty.server.HttpChannel.handle(HttpChannel.java:392) ~[jetty-server-9.4.44.v20210927.jar:9.4.44.v20210927]
	at org.eclipse.jetty.server.HttpConnection.onFillable(HttpConnection.java:277) ~[jetty-server-9.4.44.v20210927.jar:9.4.44.v20210927]
	at org.eclipse.jetty.io.AbstractConnection$ReadCallback.succeeded(AbstractConnection.java:311) ~[jetty-io-9.4.44.v20210927.jar:9.4.44.v20210927]
	at org.eclipse.jetty.io.FillInterest.fillable(FillInterest.java:105) ~[jetty-io-9.4.44.v20210927.jar:9.4.44.v20210927]
	at org.eclipse.jetty.io.ChannelEndPoint$1.run(ChannelEndPoint.java:104) ~[jetty-io-9.4.44.v20210927.jar:9.4.44.v20210927]
	at org.eclipse.jetty.util.thread.strategy.EatWhatYouKill.runTask(EatWhatYouKill.java:338) ~[jetty-util-9.4.44.v20210927.jar:9.4.44.v20210927]
	at org.eclipse.jetty.util.thread.strategy.EatWhatYouKill.doProduce(EatWhatYouKill.java:315) ~[jetty-util-9.4.44.v20210927.jar:9.4.44.v20210927]
	at org.eclipse.jetty.util.thread.strategy.EatWhatYouKill.tryProduce(EatWhatYouKill.java:173) ~[jetty-util-9.4.44.v20210927.jar:9.4.44.v20210927]
	at org.eclipse.jetty.util.thread.strategy.EatWhatYouKill.produce(EatWhatYouKill.java:137) ~[jetty-util-9.4.44.v20210927.jar:9.4.44.v20210927]
	at org.eclipse.jetty.util.thread.QueuedThreadPool.runJob(QueuedThreadPool.java:883) [jetty-util-9.4.44.v20210927.jar:9.4.44.v20210927]
	at org.eclipse.jetty.util.thread.QueuedThreadPool$Runner.run(QueuedThreadPool.java:1034) [jetty-util-9.4.44.v20210927.jar:9.4.44.v20210927]
	at java.lang.Thread.run(Thread.java:833) [?:?]
2022-02-09 00:14:11 ERROR Something went wrong 
org.postgresql.util.PSQLException: No value specified for parameter 3.
	at org.postgresql.core.v3.SimpleParameterList.checkAllParametersSet(SimpleParameterList.java:284) ~[postgresql-42.3.2.jar:42.3.2]
	at org.postgresql.core.v3.QueryExecutorImpl.execute(QueryExecutorImpl.java:339) ~[postgresql-42.3.2.jar:42.3.2]
	at org.postgresql.jdbc.PgStatement.executeInternal(PgStatement.java:490) ~[postgresql-42.3.2.jar:42.3.2]
	at org.postgresql.jdbc.PgStatement.execute(PgStatement.java:408) ~[postgresql-42.3.2.jar:42.3.2]
	at org.postgresql.jdbc.PgPreparedStatement.executeWithFlags(PgPreparedStatement.java:166) ~[postgresql-42.3.2.jar:42.3.2]
	at org.postgresql.jdbc.PgPreparedStatement.execute(PgPreparedStatement.java:155) ~[postgresql-42.3.2.jar:42.3.2]
	at com.revature.expensereimbursements.dl.EmployeeDAO.add(EmployeeDAO.java:130) ~[classes/:?]
	at com.revature.expensereimbursements.dl.EmployeeDAO.add(EmployeeDAO.java:1) ~[classes/:?]
	at com.revature.expensereimbursements.dl.DBRepo.addEmployee(DBRepo.java:50) ~[classes/:?]
	at com.revature.expensereimbursements.bl.EmployeeBL.addEmployee(EmployeeBL.java:19) ~[classes/:?]
	at com.revature.expensereimbursements.controllers.EmployeeController.lambda$2(EmployeeController.java:59) ~[classes/:?]
	at io.javalin.plugin.openapi.dsl.DocumentedHandler.handle(DocumentedHandler.kt:10) ~[javalin-openapi-4.2.0.jar:4.2.0]
	at io.javalin.core.security.SecurityUtil.noopAccessManager(SecurityUtil.kt:20) ~[javalin-4.2.0.jar:4.2.0]
	at io.javalin.http.JavalinServlet.addHandler$lambda-5(JavalinServlet.kt:113) ~[javalin-4.2.0.jar:4.2.0]
	at io.javalin.http.JavalinServlet$service$tryBeforeAndEndpointHandlers$1.invoke(JavalinServlet.kt:44) ~[javalin-4.2.0.jar:4.2.0]
	at io.javalin.http.JavalinServlet$service$tryBeforeAndEndpointHandlers$1.invoke(JavalinServlet.kt:39) ~[javalin-4.2.0.jar:4.2.0]
	at io.javalin.http.JavalinServlet.service$tryWithExceptionMapper(JavalinServlet.kt:129) ~[javalin-4.2.0.jar:4.2.0]
	at io.javalin.http.JavalinServlet.service$tryBeforeAndEndpointHandlers(JavalinServlet.kt:39) ~[javalin-4.2.0.jar:4.2.0]
	at io.javalin.http.JavalinServlet.service(JavalinServlet.kt:87) ~[javalin-4.2.0.jar:4.2.0]
	at javax.servlet.http.HttpServlet.service(HttpServlet.java:790) ~[javax.servlet-api-3.1.0.jar:3.1.0]
	at io.javalin.jetty.JavalinJettyServlet.service(JavalinJettyServlet.kt:58) ~[javalin-4.2.0.jar:4.2.0]
	at javax.servlet.http.HttpServlet.service(HttpServlet.java:790) ~[javax.servlet-api-3.1.0.jar:3.1.0]
	at org.eclipse.jetty.servlet.ServletHolder.handle(ServletHolder.java:799) ~[jetty-servlet-9.4.44.v20210927.jar:9.4.44.v20210927]
	at org.eclipse.jetty.servlet.ServletHandler.doHandle(ServletHandler.java:550) ~[jetty-servlet-9.4.44.v20210927.jar:9.4.44.v20210927]
	at org.eclipse.jetty.server.handler.ScopedHandler.nextHandle(ScopedHandler.java:233) ~[jetty-server-9.4.44.v20210927.jar:9.4.44.v20210927]
	at org.eclipse.jetty.server.session.SessionHandler.doHandle(SessionHandler.java:1624) ~[jetty-server-9.4.44.v20210927.jar:9.4.44.v20210927]
	at org.eclipse.jetty.server.handler.ScopedHandler.nextHandle(ScopedHandler.java:233) ~[jetty-server-9.4.44.v20210927.jar:9.4.44.v20210927]
	at io.javalin.jetty.JettyServer$start$wsAndHttpHandler$1.doHandle(JettyServer.kt:52) ~[javalin-4.2.0.jar:4.2.0]
	at org.eclipse.jetty.server.handler.ScopedHandler.nextScope(ScopedHandler.java:188) ~[jetty-server-9.4.44.v20210927.jar:9.4.44.v20210927]
	at org.eclipse.jetty.servlet.ServletHandler.doScope(ServletHandler.java:501) ~[jetty-servlet-9.4.44.v20210927.jar:9.4.44.v20210927]
	at org.eclipse.jetty.server.session.SessionHandler.doScope(SessionHandler.java:1594) ~[jetty-server-9.4.44.v20210927.jar:9.4.44.v20210927]
	at org.eclipse.jetty.server.handler.ScopedHandler.nextScope(ScopedHandler.java:186) ~[jetty-server-9.4.44.v20210927.jar:9.4.44.v20210927]
	at org.eclipse.jetty.server.handler.ContextHandler.doScope(ContextHandler.java:1349) ~[jetty-server-9.4.44.v20210927.jar:9.4.44.v20210927]
	at org.eclipse.jetty.server.handler.ScopedHandler.handle(ScopedHandler.java:141) ~[jetty-server-9.4.44.v20210927.jar:9.4.44.v20210927]
	at org.eclipse.jetty.server.handler.StatisticsHandler.handle(StatisticsHandler.java:179) ~[jetty-server-9.4.44.v20210927.jar:9.4.44.v20210927]
	at org.eclipse.jetty.server.handler.HandlerWrapper.handle(HandlerWrapper.java:127) ~[jetty-server-9.4.44.v20210927.jar:9.4.44.v20210927]
	at org.eclipse.jetty.server.Server.handle(Server.java:516) ~[jetty-server-9.4.44.v20210927.jar:9.4.44.v20210927]
	at org.eclipse.jetty.server.HttpChannel.lambda$handle$1(HttpChannel.java:400) ~[jetty-server-9.4.44.v20210927.jar:9.4.44.v20210927]
	at org.eclipse.jetty.server.HttpChannel.dispatch(HttpChannel.java:645) ~[jetty-server-9.4.44.v20210927.jar:9.4.44.v20210927]
	at org.eclipse.jetty.server.HttpChannel.handle(HttpChannel.java:392) ~[jetty-server-9.4.44.v20210927.jar:9.4.44.v20210927]
	at org.eclipse.jetty.server.HttpConnection.onFillable(HttpConnection.java:277) ~[jetty-server-9.4.44.v20210927.jar:9.4.44.v20210927]
	at org.eclipse.jetty.io.AbstractConnection$ReadCallback.succeeded(AbstractConnection.java:311) ~[jetty-io-9.4.44.v20210927.jar:9.4.44.v20210927]
	at org.eclipse.jetty.io.FillInterest.fillable(FillInterest.java:105) ~[jetty-io-9.4.44.v20210927.jar:9.4.44.v20210927]
	at org.eclipse.jetty.io.ChannelEndPoint$1.run(ChannelEndPoint.java:104) ~[jetty-io-9.4.44.v20210927.jar:9.4.44.v20210927]
	at org.eclipse.jetty.util.thread.strategy.EatWhatYouKill.runTask(EatWhatYouKill.java:338) ~[jetty-util-9.4.44.v20210927.jar:9.4.44.v20210927]
	at org.eclipse.jetty.util.thread.strategy.EatWhatYouKill.doProduce(EatWhatYouKill.java:315) ~[jetty-util-9.4.44.v20210927.jar:9.4.44.v20210927]
	at org.eclipse.jetty.util.thread.strategy.EatWhatYouKill.tryProduce(EatWhatYouKill.java:173) ~[jetty-util-9.4.44.v20210927.jar:9.4.44.v20210927]
	at org.eclipse.jetty.util.thread.strategy.EatWhatYouKill.produce(EatWhatYouKill.java:137) ~[jetty-util-9.4.44.v20210927.jar:9.4.44.v20210927]
	at org.eclipse.jetty.util.thread.QueuedThreadPool.runJob(QueuedThreadPool.java:883) [jetty-util-9.4.44.v20210927.jar:9.4.44.v20210927]
	at org.eclipse.jetty.util.thread.QueuedThreadPool$Runner.run(QueuedThreadPool.java:1034) [jetty-util-9.4.44.v20210927.jar:9.4.44.v20210927]
	at java.lang.Thread.run(Thread.java:833) [?:?]
2022-02-09 00:19:10 ERROR Something went wrong 
org.postgresql.util.PSQLException: ERROR: duplicate key value violates unique constraint "employees_pkey"
  Detail: Key (employee_id)=(1) already exists.
	at org.postgresql.core.v3.QueryExecutorImpl.receiveErrorResponse(QueryExecutorImpl.java:2675) ~[postgresql-42.3.2.jar:42.3.2]
	at org.postgresql.core.v3.QueryExecutorImpl.processResults(QueryExecutorImpl.java:2365) ~[postgresql-42.3.2.jar:42.3.2]
	at org.postgresql.core.v3.QueryExecutorImpl.execute(QueryExecutorImpl.java:355) ~[postgresql-42.3.2.jar:42.3.2]
	at org.postgresql.jdbc.PgStatement.executeInternal(PgStatement.java:490) ~[postgresql-42.3.2.jar:42.3.2]
	at org.postgresql.jdbc.PgStatement.execute(PgStatement.java:408) ~[postgresql-42.3.2.jar:42.3.2]
	at org.postgresql.jdbc.PgPreparedStatement.executeWithFlags(PgPreparedStatement.java:166) ~[postgresql-42.3.2.jar:42.3.2]
	at org.postgresql.jdbc.PgPreparedStatement.execute(PgPreparedStatement.java:155) ~[postgresql-42.3.2.jar:42.3.2]
	at com.revature.expensereimbursements.dl.EmployeeDAO.add(EmployeeDAO.java:130) ~[classes/:?]
	at com.revature.expensereimbursements.dl.EmployeeDAO.add(EmployeeDAO.java:1) ~[classes/:?]
	at com.revature.expensereimbursements.dl.DBRepo.addEmployee(DBRepo.java:50) ~[classes/:?]
	at com.revature.expensereimbursements.bl.EmployeeBL.addEmployee(EmployeeBL.java:19) ~[classes/:?]
	at com.revature.expensereimbursements.controllers.EmployeeController.lambda$2(EmployeeController.java:59) ~[classes/:?]
	at io.javalin.plugin.openapi.dsl.DocumentedHandler.handle(DocumentedHandler.kt:10) ~[javalin-openapi-4.2.0.jar:4.2.0]
	at io.javalin.core.security.SecurityUtil.noopAccessManager(SecurityUtil.kt:20) ~[javalin-4.2.0.jar:4.2.0]
	at io.javalin.http.JavalinServlet.addHandler$lambda-5(JavalinServlet.kt:113) ~[javalin-4.2.0.jar:4.2.0]
	at io.javalin.http.JavalinServlet$service$tryBeforeAndEndpointHandlers$1.invoke(JavalinServlet.kt:44) ~[javalin-4.2.0.jar:4.2.0]
	at io.javalin.http.JavalinServlet$service$tryBeforeAndEndpointHandlers$1.invoke(JavalinServlet.kt:39) ~[javalin-4.2.0.jar:4.2.0]
	at io.javalin.http.JavalinServlet.service$tryWithExceptionMapper(JavalinServlet.kt:129) ~[javalin-4.2.0.jar:4.2.0]
	at io.javalin.http.JavalinServlet.service$tryBeforeAndEndpointHandlers(JavalinServlet.kt:39) ~[javalin-4.2.0.jar:4.2.0]
	at io.javalin.http.JavalinServlet.service(JavalinServlet.kt:87) ~[javalin-4.2.0.jar:4.2.0]
	at javax.servlet.http.HttpServlet.service(HttpServlet.java:790) ~[javax.servlet-api-3.1.0.jar:3.1.0]
	at io.javalin.jetty.JavalinJettyServlet.service(JavalinJettyServlet.kt:58) ~[javalin-4.2.0.jar:4.2.0]
	at javax.servlet.http.HttpServlet.service(HttpServlet.java:790) ~[javax.servlet-api-3.1.0.jar:3.1.0]
	at org.eclipse.jetty.servlet.ServletHolder.handle(ServletHolder.java:799) ~[jetty-servlet-9.4.44.v20210927.jar:9.4.44.v20210927]
	at org.eclipse.jetty.servlet.ServletHandler.doHandle(ServletHandler.java:550) ~[jetty-servlet-9.4.44.v20210927.jar:9.4.44.v20210927]
	at org.eclipse.jetty.server.handler.ScopedHandler.nextHandle(ScopedHandler.java:233) ~[jetty-server-9.4.44.v20210927.jar:9.4.44.v20210927]
	at org.eclipse.jetty.server.session.SessionHandler.doHandle(SessionHandler.java:1624) ~[jetty-server-9.4.44.v20210927.jar:9.4.44.v20210927]
	at org.eclipse.jetty.server.handler.ScopedHandler.nextHandle(ScopedHandler.java:233) ~[jetty-server-9.4.44.v20210927.jar:9.4.44.v20210927]
	at io.javalin.jetty.JettyServer$start$wsAndHttpHandler$1.doHandle(JettyServer.kt:52) ~[javalin-4.2.0.jar:4.2.0]
	at org.eclipse.jetty.server.handler.ScopedHandler.nextScope(ScopedHandler.java:188) ~[jetty-server-9.4.44.v20210927.jar:9.4.44.v20210927]
	at org.eclipse.jetty.servlet.ServletHandler.doScope(ServletHandler.java:501) ~[jetty-servlet-9.4.44.v20210927.jar:9.4.44.v20210927]
	at org.eclipse.jetty.server.session.SessionHandler.doScope(SessionHandler.java:1594) ~[jetty-server-9.4.44.v20210927.jar:9.4.44.v20210927]
	at org.eclipse.jetty.server.handler.ScopedHandler.nextScope(ScopedHandler.java:186) ~[jetty-server-9.4.44.v20210927.jar:9.4.44.v20210927]
	at org.eclipse.jetty.server.handler.ContextHandler.doScope(ContextHandler.java:1349) ~[jetty-server-9.4.44.v20210927.jar:9.4.44.v20210927]
	at org.eclipse.jetty.server.handler.ScopedHandler.handle(ScopedHandler.java:141) ~[jetty-server-9.4.44.v20210927.jar:9.4.44.v20210927]
	at org.eclipse.jetty.server.handler.StatisticsHandler.handle(StatisticsHandler.java:179) ~[jetty-server-9.4.44.v20210927.jar:9.4.44.v20210927]
	at org.eclipse.jetty.server.handler.HandlerWrapper.handle(HandlerWrapper.java:127) ~[jetty-server-9.4.44.v20210927.jar:9.4.44.v20210927]
	at org.eclipse.jetty.server.Server.handle(Server.java:516) ~[jetty-server-9.4.44.v20210927.jar:9.4.44.v20210927]
	at org.eclipse.jetty.server.HttpChannel.lambda$handle$1(HttpChannel.java:400) ~[jetty-server-9.4.44.v20210927.jar:9.4.44.v20210927]
	at org.eclipse.jetty.server.HttpChannel.dispatch(HttpChannel.java:645) [jetty-server-9.4.44.v20210927.jar:9.4.44.v20210927]
	at org.eclipse.jetty.server.HttpChannel.handle(HttpChannel.java:392) [jetty-server-9.4.44.v20210927.jar:9.4.44.v20210927]
	at org.eclipse.jetty.server.HttpConnection.onFillable(HttpConnection.java:277) [jetty-server-9.4.44.v20210927.jar:9.4.44.v20210927]
	at org.eclipse.jetty.io.AbstractConnection$ReadCallback.succeeded(AbstractConnection.java:311) [jetty-io-9.4.44.v20210927.jar:9.4.44.v20210927]
	at org.eclipse.jetty.io.FillInterest.fillable(FillInterest.java:105) [jetty-io-9.4.44.v20210927.jar:9.4.44.v20210927]
	at org.eclipse.jetty.io.ChannelEndPoint$1.run(ChannelEndPoint.java:104) [jetty-io-9.4.44.v20210927.jar:9.4.44.v20210927]
	at org.eclipse.jetty.util.thread.strategy.EatWhatYouKill.runTask(EatWhatYouKill.java:338) [jetty-util-9.4.44.v20210927.jar:9.4.44.v20210927]
	at org.eclipse.jetty.util.thread.strategy.EatWhatYouKill.doProduce(EatWhatYouKill.java:315) [jetty-util-9.4.44.v20210927.jar:9.4.44.v20210927]
	at org.eclipse.jetty.util.thread.strategy.EatWhatYouKill.tryProduce(EatWhatYouKill.java:173) [jetty-util-9.4.44.v20210927.jar:9.4.44.v20210927]
	at org.eclipse.jetty.util.thread.strategy.EatWhatYouKill.run(EatWhatYouKill.java:131) [jetty-util-9.4.44.v20210927.jar:9.4.44.v20210927]
	at org.eclipse.jetty.util.thread.ReservedThreadExecutor$ReservedThread.run(ReservedThreadExecutor.java:409) [jetty-util-9.4.44.v20210927.jar:9.4.44.v20210927]
	at org.eclipse.jetty.util.thread.QueuedThreadPool.runJob(QueuedThreadPool.java:883) [jetty-util-9.4.44.v20210927.jar:9.4.44.v20210927]
	at org.eclipse.jetty.util.thread.QueuedThreadPool$Runner.run(QueuedThreadPool.java:1034) [jetty-util-9.4.44.v20210927.jar:9.4.44.v20210927]
	at java.lang.Thread.run(Thread.java:833) [?:?]
2022-02-09 00:36:50 ERROR Something went wrong 
org.postgresql.util.PSQLException: ERROR: duplicate key value violates unique constraint "employees_pkey"
  Detail: Key (employee_id)=(1) already exists.
	at org.postgresql.core.v3.QueryExecutorImpl.receiveErrorResponse(QueryExecutorImpl.java:2675) ~[postgresql-42.3.2.jar:42.3.2]
	at org.postgresql.core.v3.QueryExecutorImpl.processResults(QueryExecutorImpl.java:2365) ~[postgresql-42.3.2.jar:42.3.2]
	at org.postgresql.core.v3.QueryExecutorImpl.execute(QueryExecutorImpl.java:355) ~[postgresql-42.3.2.jar:42.3.2]
	at org.postgresql.jdbc.PgStatement.executeInternal(PgStatement.java:490) ~[postgresql-42.3.2.jar:42.3.2]
	at org.postgresql.jdbc.PgStatement.execute(PgStatement.java:408) ~[postgresql-42.3.2.jar:42.3.2]
	at org.postgresql.jdbc.PgPreparedStatement.executeWithFlags(PgPreparedStatement.java:166) ~[postgresql-42.3.2.jar:42.3.2]
	at org.postgresql.jdbc.PgPreparedStatement.execute(PgPreparedStatement.java:155) ~[postgresql-42.3.2.jar:42.3.2]
	at com.revature.expensereimbursements.dl.EmployeeDAO.add(EmployeeDAO.java:129) ~[classes/:?]
	at com.revature.expensereimbursements.dl.EmployeeDAO.add(EmployeeDAO.java:1) ~[classes/:?]
	at com.revature.expensereimbursements.dl.DBRepo.add(DBRepo.java:50) ~[classes/:?]
	at com.revature.expensereimbursements.bl.EmployeeBL.add(EmployeeBL.java:19) ~[classes/:?]
	at com.revature.expensereimbursements.controllers.EmployeeController.lambda$2(EmployeeController.java:59) ~[classes/:?]
	at io.javalin.plugin.openapi.dsl.DocumentedHandler.handle(DocumentedHandler.kt:10) ~[javalin-openapi-4.2.0.jar:4.2.0]
	at io.javalin.core.security.SecurityUtil.noopAccessManager(SecurityUtil.kt:20) ~[javalin-4.2.0.jar:4.2.0]
	at io.javalin.http.JavalinServlet.addHandler$lambda-5(JavalinServlet.kt:113) ~[javalin-4.2.0.jar:4.2.0]
	at io.javalin.http.JavalinServlet$service$tryBeforeAndEndpointHandlers$1.invoke(JavalinServlet.kt:44) ~[javalin-4.2.0.jar:4.2.0]
	at io.javalin.http.JavalinServlet$service$tryBeforeAndEndpointHandlers$1.invoke(JavalinServlet.kt:39) ~[javalin-4.2.0.jar:4.2.0]
	at io.javalin.http.JavalinServlet.service$tryWithExceptionMapper(JavalinServlet.kt:129) ~[javalin-4.2.0.jar:4.2.0]
	at io.javalin.http.JavalinServlet.service$tryBeforeAndEndpointHandlers(JavalinServlet.kt:39) ~[javalin-4.2.0.jar:4.2.0]
	at io.javalin.http.JavalinServlet.service(JavalinServlet.kt:87) ~[javalin-4.2.0.jar:4.2.0]
	at javax.servlet.http.HttpServlet.service(HttpServlet.java:790) ~[javax.servlet-api-3.1.0.jar:3.1.0]
	at io.javalin.jetty.JavalinJettyServlet.service(JavalinJettyServlet.kt:58) ~[javalin-4.2.0.jar:4.2.0]
	at javax.servlet.http.HttpServlet.service(HttpServlet.java:790) ~[javax.servlet-api-3.1.0.jar:3.1.0]
	at org.eclipse.jetty.servlet.ServletHolder.handle(ServletHolder.java:799) ~[jetty-servlet-9.4.44.v20210927.jar:9.4.44.v20210927]
	at org.eclipse.jetty.servlet.ServletHandler.doHandle(ServletHandler.java:550) ~[jetty-servlet-9.4.44.v20210927.jar:9.4.44.v20210927]
	at org.eclipse.jetty.server.handler.ScopedHandler.nextHandle(ScopedHandler.java:233) ~[jetty-server-9.4.44.v20210927.jar:9.4.44.v20210927]
	at org.eclipse.jetty.server.session.SessionHandler.doHandle(SessionHandler.java:1624) ~[jetty-server-9.4.44.v20210927.jar:9.4.44.v20210927]
	at org.eclipse.jetty.server.handler.ScopedHandler.nextHandle(ScopedHandler.java:233) ~[jetty-server-9.4.44.v20210927.jar:9.4.44.v20210927]
	at io.javalin.jetty.JettyServer$start$wsAndHttpHandler$1.doHandle(JettyServer.kt:52) ~[javalin-4.2.0.jar:4.2.0]
	at org.eclipse.jetty.server.handler.ScopedHandler.nextScope(ScopedHandler.java:188) ~[jetty-server-9.4.44.v20210927.jar:9.4.44.v20210927]
	at org.eclipse.jetty.servlet.ServletHandler.doScope(ServletHandler.java:501) ~[jetty-servlet-9.4.44.v20210927.jar:9.4.44.v20210927]
	at org.eclipse.jetty.server.session.SessionHandler.doScope(SessionHandler.java:1594) ~[jetty-server-9.4.44.v20210927.jar:9.4.44.v20210927]
	at org.eclipse.jetty.server.handler.ScopedHandler.nextScope(ScopedHandler.java:186) ~[jetty-server-9.4.44.v20210927.jar:9.4.44.v20210927]
	at org.eclipse.jetty.server.handler.ContextHandler.doScope(ContextHandler.java:1349) ~[jetty-server-9.4.44.v20210927.jar:9.4.44.v20210927]
	at org.eclipse.jetty.server.handler.ScopedHandler.handle(ScopedHandler.java:141) ~[jetty-server-9.4.44.v20210927.jar:9.4.44.v20210927]
	at org.eclipse.jetty.server.handler.StatisticsHandler.handle(StatisticsHandler.java:179) ~[jetty-server-9.4.44.v20210927.jar:9.4.44.v20210927]
	at org.eclipse.jetty.server.handler.HandlerWrapper.handle(HandlerWrapper.java:127) ~[jetty-server-9.4.44.v20210927.jar:9.4.44.v20210927]
	at org.eclipse.jetty.server.Server.handle(Server.java:516) ~[jetty-server-9.4.44.v20210927.jar:9.4.44.v20210927]
	at org.eclipse.jetty.server.HttpChannel.lambda$handle$1(HttpChannel.java:400) ~[jetty-server-9.4.44.v20210927.jar:9.4.44.v20210927]
	at org.eclipse.jetty.server.HttpChannel.dispatch(HttpChannel.java:645) [jetty-server-9.4.44.v20210927.jar:9.4.44.v20210927]
	at org.eclipse.jetty.server.HttpChannel.handle(HttpChannel.java:392) [jetty-server-9.4.44.v20210927.jar:9.4.44.v20210927]
	at org.eclipse.jetty.server.HttpConnection.onFillable(HttpConnection.java:277) [jetty-server-9.4.44.v20210927.jar:9.4.44.v20210927]
	at org.eclipse.jetty.io.AbstractConnection$ReadCallback.succeeded(AbstractConnection.java:311) [jetty-io-9.4.44.v20210927.jar:9.4.44.v20210927]
	at org.eclipse.jetty.io.FillInterest.fillable(FillInterest.java:105) [jetty-io-9.4.44.v20210927.jar:9.4.44.v20210927]
	at org.eclipse.jetty.io.ChannelEndPoint$1.run(ChannelEndPoint.java:104) [jetty-io-9.4.44.v20210927.jar:9.4.44.v20210927]
	at org.eclipse.jetty.util.thread.strategy.EatWhatYouKill.runTask(EatWhatYouKill.java:338) [jetty-util-9.4.44.v20210927.jar:9.4.44.v20210927]
	at org.eclipse.jetty.util.thread.strategy.EatWhatYouKill.doProduce(EatWhatYouKill.java:315) [jetty-util-9.4.44.v20210927.jar:9.4.44.v20210927]
	at org.eclipse.jetty.util.thread.strategy.EatWhatYouKill.tryProduce(EatWhatYouKill.java:173) [jetty-util-9.4.44.v20210927.jar:9.4.44.v20210927]
	at org.eclipse.jetty.util.thread.strategy.EatWhatYouKill.run(EatWhatYouKill.java:131) [jetty-util-9.4.44.v20210927.jar:9.4.44.v20210927]
	at org.eclipse.jetty.util.thread.ReservedThreadExecutor$ReservedThread.run(ReservedThreadExecutor.java:409) [jetty-util-9.4.44.v20210927.jar:9.4.44.v20210927]
	at org.eclipse.jetty.util.thread.QueuedThreadPool.runJob(QueuedThreadPool.java:883) [jetty-util-9.4.44.v20210927.jar:9.4.44.v20210927]
	at org.eclipse.jetty.util.thread.QueuedThreadPool$Runner.run(QueuedThreadPool.java:1034) [jetty-util-9.4.44.v20210927.jar:9.4.44.v20210927]
	at java.lang.Thread.run(Thread.java:833) [?:?]
2022-02-09 00:39:14 ERROR Something went wrong 
org.postgresql.util.PSQLException: ERROR: duplicate key value violates unique constraint "employees_pkey"
  Detail: Key (employee_id)=(2) already exists.
	at org.postgresql.core.v3.QueryExecutorImpl.receiveErrorResponse(QueryExecutorImpl.java:2675) ~[postgresql-42.3.2.jar:42.3.2]
	at org.postgresql.core.v3.QueryExecutorImpl.processResults(QueryExecutorImpl.java:2365) ~[postgresql-42.3.2.jar:42.3.2]
	at org.postgresql.core.v3.QueryExecutorImpl.execute(QueryExecutorImpl.java:355) ~[postgresql-42.3.2.jar:42.3.2]
	at org.postgresql.jdbc.PgStatement.executeInternal(PgStatement.java:490) ~[postgresql-42.3.2.jar:42.3.2]
	at org.postgresql.jdbc.PgStatement.execute(PgStatement.java:408) ~[postgresql-42.3.2.jar:42.3.2]
	at org.postgresql.jdbc.PgPreparedStatement.executeWithFlags(PgPreparedStatement.java:166) ~[postgresql-42.3.2.jar:42.3.2]
	at org.postgresql.jdbc.PgPreparedStatement.execute(PgPreparedStatement.java:155) ~[postgresql-42.3.2.jar:42.3.2]
	at com.revature.expensereimbursements.dl.EmployeeDAO.add(EmployeeDAO.java:129) ~[classes/:?]
	at com.revature.expensereimbursements.dl.EmployeeDAO.add(EmployeeDAO.java:1) ~[classes/:?]
	at com.revature.expensereimbursements.dl.DBRepo.add(DBRepo.java:50) ~[classes/:?]
	at com.revature.expensereimbursements.bl.EmployeeBL.add(EmployeeBL.java:19) ~[classes/:?]
	at com.revature.expensereimbursements.controllers.EmployeeController.lambda$2(EmployeeController.java:59) ~[classes/:?]
	at io.javalin.plugin.openapi.dsl.DocumentedHandler.handle(DocumentedHandler.kt:10) ~[javalin-openapi-4.2.0.jar:4.2.0]
	at io.javalin.core.security.SecurityUtil.noopAccessManager(SecurityUtil.kt:20) ~[javalin-4.2.0.jar:4.2.0]
	at io.javalin.http.JavalinServlet.addHandler$lambda-5(JavalinServlet.kt:113) ~[javalin-4.2.0.jar:4.2.0]
	at io.javalin.http.JavalinServlet$service$tryBeforeAndEndpointHandlers$1.invoke(JavalinServlet.kt:44) ~[javalin-4.2.0.jar:4.2.0]
	at io.javalin.http.JavalinServlet$service$tryBeforeAndEndpointHandlers$1.invoke(JavalinServlet.kt:39) ~[javalin-4.2.0.jar:4.2.0]
	at io.javalin.http.JavalinServlet.service$tryWithExceptionMapper(JavalinServlet.kt:129) ~[javalin-4.2.0.jar:4.2.0]
	at io.javalin.http.JavalinServlet.service$tryBeforeAndEndpointHandlers(JavalinServlet.kt:39) ~[javalin-4.2.0.jar:4.2.0]
	at io.javalin.http.JavalinServlet.service(JavalinServlet.kt:87) ~[javalin-4.2.0.jar:4.2.0]
	at javax.servlet.http.HttpServlet.service(HttpServlet.java:790) ~[javax.servlet-api-3.1.0.jar:3.1.0]
	at io.javalin.jetty.JavalinJettyServlet.service(JavalinJettyServlet.kt:58) ~[javalin-4.2.0.jar:4.2.0]
	at javax.servlet.http.HttpServlet.service(HttpServlet.java:790) ~[javax.servlet-api-3.1.0.jar:3.1.0]
	at org.eclipse.jetty.servlet.ServletHolder.handle(ServletHolder.java:799) ~[jetty-servlet-9.4.44.v20210927.jar:9.4.44.v20210927]
	at org.eclipse.jetty.servlet.ServletHandler.doHandle(ServletHandler.java:550) ~[jetty-servlet-9.4.44.v20210927.jar:9.4.44.v20210927]
	at org.eclipse.jetty.server.handler.ScopedHandler.nextHandle(ScopedHandler.java:233) ~[jetty-server-9.4.44.v20210927.jar:9.4.44.v20210927]
	at org.eclipse.jetty.server.session.SessionHandler.doHandle(SessionHandler.java:1624) ~[jetty-server-9.4.44.v20210927.jar:9.4.44.v20210927]
	at org.eclipse.jetty.server.handler.ScopedHandler.nextHandle(ScopedHandler.java:233) ~[jetty-server-9.4.44.v20210927.jar:9.4.44.v20210927]
	at io.javalin.jetty.JettyServer$start$wsAndHttpHandler$1.doHandle(JettyServer.kt:52) ~[javalin-4.2.0.jar:4.2.0]
	at org.eclipse.jetty.server.handler.ScopedHandler.nextScope(ScopedHandler.java:188) ~[jetty-server-9.4.44.v20210927.jar:9.4.44.v20210927]
	at org.eclipse.jetty.servlet.ServletHandler.doScope(ServletHandler.java:501) ~[jetty-servlet-9.4.44.v20210927.jar:9.4.44.v20210927]
	at org.eclipse.jetty.server.session.SessionHandler.doScope(SessionHandler.java:1594) ~[jetty-server-9.4.44.v20210927.jar:9.4.44.v20210927]
	at org.eclipse.jetty.server.handler.ScopedHandler.nextScope(ScopedHandler.java:186) ~[jetty-server-9.4.44.v20210927.jar:9.4.44.v20210927]
	at org.eclipse.jetty.server.handler.ContextHandler.doScope(ContextHandler.java:1349) ~[jetty-server-9.4.44.v20210927.jar:9.4.44.v20210927]
	at org.eclipse.jetty.server.handler.ScopedHandler.handle(ScopedHandler.java:141) ~[jetty-server-9.4.44.v20210927.jar:9.4.44.v20210927]
	at org.eclipse.jetty.server.handler.StatisticsHandler.handle(StatisticsHandler.java:179) ~[jetty-server-9.4.44.v20210927.jar:9.4.44.v20210927]
	at org.eclipse.jetty.server.handler.HandlerWrapper.handle(HandlerWrapper.java:127) ~[jetty-server-9.4.44.v20210927.jar:9.4.44.v20210927]
	at org.eclipse.jetty.server.Server.handle(Server.java:516) ~[jetty-server-9.4.44.v20210927.jar:9.4.44.v20210927]
	at org.eclipse.jetty.server.HttpChannel.lambda$handle$1(HttpChannel.java:400) ~[jetty-server-9.4.44.v20210927.jar:9.4.44.v20210927]
	at org.eclipse.jetty.server.HttpChannel.dispatch(HttpChannel.java:645) [jetty-server-9.4.44.v20210927.jar:9.4.44.v20210927]
	at org.eclipse.jetty.server.HttpChannel.handle(HttpChannel.java:392) [jetty-server-9.4.44.v20210927.jar:9.4.44.v20210927]
	at org.eclipse.jetty.server.HttpConnection.onFillable(HttpConnection.java:277) [jetty-server-9.4.44.v20210927.jar:9.4.44.v20210927]
	at org.eclipse.jetty.io.AbstractConnection$ReadCallback.succeeded(AbstractConnection.java:311) [jetty-io-9.4.44.v20210927.jar:9.4.44.v20210927]
	at org.eclipse.jetty.io.FillInterest.fillable(FillInterest.java:105) [jetty-io-9.4.44.v20210927.jar:9.4.44.v20210927]
	at org.eclipse.jetty.io.ChannelEndPoint$1.run(ChannelEndPoint.java:104) [jetty-io-9.4.44.v20210927.jar:9.4.44.v20210927]
	at org.eclipse.jetty.util.thread.strategy.EatWhatYouKill.runTask(EatWhatYouKill.java:338) [jetty-util-9.4.44.v20210927.jar:9.4.44.v20210927]
	at org.eclipse.jetty.util.thread.strategy.EatWhatYouKill.doProduce(EatWhatYouKill.java:315) [jetty-util-9.4.44.v20210927.jar:9.4.44.v20210927]
	at org.eclipse.jetty.util.thread.strategy.EatWhatYouKill.tryProduce(EatWhatYouKill.java:173) [jetty-util-9.4.44.v20210927.jar:9.4.44.v20210927]
	at org.eclipse.jetty.util.thread.strategy.EatWhatYouKill.run(EatWhatYouKill.java:131) [jetty-util-9.4.44.v20210927.jar:9.4.44.v20210927]
	at org.eclipse.jetty.util.thread.ReservedThreadExecutor$ReservedThread.run(ReservedThreadExecutor.java:409) [jetty-util-9.4.44.v20210927.jar:9.4.44.v20210927]
	at org.eclipse.jetty.util.thread.QueuedThreadPool.runJob(QueuedThreadPool.java:883) [jetty-util-9.4.44.v20210927.jar:9.4.44.v20210927]
	at org.eclipse.jetty.util.thread.QueuedThreadPool$Runner.run(QueuedThreadPool.java:1034) [jetty-util-9.4.44.v20210927.jar:9.4.44.v20210927]
	at java.lang.Thread.run(Thread.java:833) [?:?]
