2022-01-20 15:37:16,967 [Worker-8: Loading available Gradle versions] INFO  o.e.b.c.i.u.g.PublishedGradleVersions - Gradle version information cache is up-to-date. Trying to read.
2022-01-21 10:12:51,117 [Worker-0: Loading available Gradle versions] INFO  o.e.b.c.i.u.g.PublishedGradleVersions - Gradle version information cache is up-to-date. Trying to read.
2022-01-21 12:20:44,859 [Worker-49: Enabling Maven Dependency Management] INFO  o.e.m.c.i.l.LifecycleMappingFactory - Using org.eclipse.m2e.jdt.JarLifecycleMapping lifecycle mapping for MavenProject: com.revature.expense-reimbursements:com.revature.expense-reimbursements:0.0.1-SNAPSHOT @ C:\Users\rjdav\Documents\workspace-spring-tool-suite-4-4.13.0.RELEASE\Project0\com.revature.expense-reimbursements\pom.xml.
2022-01-21 12:20:48,698 [Worker-47: Building] WARN  o.e.m.c.i.embedder.EclipseLogger - Using platform encoding (Cp1252 actually) to copy filtered resources, i.e. build is platform dependent!
2022-01-21 12:20:48,701 [Worker-47: Building] INFO  o.e.m.c.i.embedder.EclipseLogger - skip non existing resourceDirectory C:\Users\rjdav\Documents\workspace-spring-tool-suite-4-4.13.0.RELEASE\Project0\com.revature.expense-reimbursements\src\main\resources
2022-01-21 12:20:48,704 [Worker-47: Building] WARN  o.e.m.c.i.embedder.EclipseLogger - Using platform encoding (Cp1252 actually) to copy filtered resources, i.e. build is platform dependent!
2022-01-21 12:20:48,705 [Worker-47: Building] INFO  o.e.m.c.i.embedder.EclipseLogger - skip non existing resourceDirectory C:\Users\rjdav\Documents\workspace-spring-tool-suite-4-4.13.0.RELEASE\Project0\com.revature.expense-reimbursements\src\test\resources
2022-01-21 12:20:48,762 [Worker-49: Enabling Maven Dependency Management] INFO  o.e.m.j.i.AbstractJavaProjectConfigurator - Adding source folder /com.revature.expense-reimbursements/src
2022-01-21 12:20:48,766 [Worker-49: Enabling Maven Dependency Management] INFO  o.e.m.j.i.AbstractJavaProjectConfigurator - Not adding source folder /com.revature.expense-reimbursements/src/test/java because it overlaps with /com.revature.expense-reimbursements/src
2022-01-21 12:20:49,170 [Worker-49: Enabling Maven Dependency Management] INFO  o.e.m.c.i.p.ProjectConfigurationManager - Update started
2022-01-21 12:20:50,003 [Worker-49: Enabling Maven Dependency Management] INFO  o.e.m.c.i.l.LifecycleMappingFactory - Using org.eclipse.m2e.jdt.JarLifecycleMapping lifecycle mapping for MavenProject: com.revature.expense-reimbursements:com.revature.expense-reimbursements:0.0.1-SNAPSHOT @ C:\Users\rjdav\Documents\workspace-spring-tool-suite-4-4.13.0.RELEASE\Project0\com.revature.expense-reimbursements\pom.xml.
2022-01-21 12:20:50,828 [Worker-52: Building] WARN  o.e.m.c.i.embedder.EclipseLogger - Using platform encoding (Cp1252 actually) to copy filtered resources, i.e. build is platform dependent!
2022-01-21 12:20:50,833 [Worker-52: Building] INFO  o.e.m.c.i.embedder.EclipseLogger - skip non existing resourceDirectory C:\Users\rjdav\Documents\workspace-spring-tool-suite-4-4.13.0.RELEASE\Project0\com.revature.expense-reimbursements\src\main\resources
2022-01-21 12:20:50,840 [Worker-52: Building] WARN  o.e.m.c.i.embedder.EclipseLogger - Using platform encoding (Cp1252 actually) to copy filtered resources, i.e. build is platform dependent!
2022-01-21 12:20:50,848 [Worker-52: Building] INFO  o.e.m.c.i.embedder.EclipseLogger - skip non existing resourceDirectory C:\Users\rjdav\Documents\workspace-spring-tool-suite-4-4.13.0.RELEASE\Project0\com.revature.expense-reimbursements\src\test\resources
2022-01-21 12:20:51,274 [Worker-49: Enabling Maven Dependency Management] INFO  o.e.m.j.i.AbstractJavaProjectConfigurator - Adding source folder /com.revature.expense-reimbursements/src
2022-01-21 12:20:51,279 [Worker-49: Enabling Maven Dependency Management] INFO  o.e.m.j.i.AbstractJavaProjectConfigurator - Not adding source folder /com.revature.expense-reimbursements/src/test/java because it overlaps with /com.revature.expense-reimbursements/src
2022-01-21 12:20:51,666 [Worker-49: Enabling Maven Dependency Management] INFO  o.e.m.c.i.p.ProjectConfigurationManager - Update completed: 2 sec
2022-01-21 12:20:52,423 [Worker-45: Building] WARN  o.e.m.c.i.embedder.EclipseLogger - Using platform encoding (Cp1252 actually) to copy filtered resources, i.e. build is platform dependent!
2022-01-21 12:20:52,426 [Worker-45: Building] INFO  o.e.m.c.i.embedder.EclipseLogger - skip non existing resourceDirectory C:\Users\rjdav\Documents\workspace-spring-tool-suite-4-4.13.0.RELEASE\Project0\com.revature.expense-reimbursements\src\main\resources
2022-01-21 12:20:52,428 [Worker-45: Building] WARN  o.e.m.c.i.embedder.EclipseLogger - Using platform encoding (Cp1252 actually) to copy filtered resources, i.e. build is platform dependent!
2022-01-21 12:20:52,431 [Worker-45: Building] INFO  o.e.m.c.i.embedder.EclipseLogger - skip non existing resourceDirectory C:\Users\rjdav\Documents\workspace-spring-tool-suite-4-4.13.0.RELEASE\Project0\com.revature.expense-reimbursements\src\test\resources
2022-01-21 12:47:12,103 [Worker-59: Building] INFO  o.e.m.c.i.l.LifecycleMappingFactory - Using org.eclipse.m2e.jdt.JarLifecycleMapping lifecycle mapping for MavenProject: com.revature.expense-reimbursements:com.revature.expense-reimbursements:0.0.1-SNAPSHOT @ C:\Users\rjdav\Documents\workspace-spring-tool-suite-4-4.13.0.RELEASE\Project0\com.revature.expense-reimbursements\pom.xml.
2022-01-21 12:47:12,929 [Worker-59: Building] WARN  o.e.m.c.i.embedder.EclipseLogger - Using platform encoding (Cp1252 actually) to copy filtered resources, i.e. build is platform dependent!
2022-01-21 12:47:12,943 [Worker-59: Building] INFO  o.e.m.c.i.embedder.EclipseLogger - skip non existing resourceDirectory C:\Users\rjdav\Documents\workspace-spring-tool-suite-4-4.13.0.RELEASE\Project0\com.revature.expense-reimbursements\src\main\resources
2022-01-21 12:47:12,948 [Worker-59: Building] WARN  o.e.m.c.i.embedder.EclipseLogger - Using platform encoding (Cp1252 actually) to copy filtered resources, i.e. build is platform dependent!
2022-01-21 12:47:12,952 [Worker-59: Building] INFO  o.e.m.c.i.embedder.EclipseLogger - skip non existing resourceDirectory C:\Users\rjdav\Documents\workspace-spring-tool-suite-4-4.13.0.RELEASE\Project0\com.revature.expense-reimbursements\src\test\resources
2022-01-21 12:47:14,113 [Worker-58: Download sources and javadoc] INFO  o.e.m.c.i.e.AbstractTransferListenerAdapter - Downloading https://repo.maven.apache.org/maven2/org/junit/jupiter/junit-jupiter-api/5.7.2/junit-jupiter-api-5.7.2-sources.jar
2022-01-21 12:47:14,403 [Worker-58: Download sources and javadoc] INFO  o.e.m.c.i.e.AbstractTransferListenerAdapter - Downloaded https://repo.maven.apache.org/maven2/org/junit/jupiter/junit-jupiter-api/5.7.2/junit-jupiter-api-5.7.2-sources.jar
2022-01-21 12:47:14,422 [Worker-58: Download sources and javadoc] INFO  o.e.m.j.internal.DownloadSourcesJob - Downloaded sources for org.junit.jupiter:junit-jupiter-api:5.7.2
2022-01-21 12:47:14,541 [Worker-58: Download sources and javadoc] INFO  o.e.m.c.i.e.AbstractTransferListenerAdapter - Downloading https://repo.maven.apache.org/maven2/org/apiguardian/apiguardian-api/1.1.0/apiguardian-api-1.1.0-sources.jar
2022-01-21 12:47:14,656 [Worker-58: Download sources and javadoc] INFO  o.e.m.c.i.e.AbstractTransferListenerAdapter - Downloaded https://repo.maven.apache.org/maven2/org/apiguardian/apiguardian-api/1.1.0/apiguardian-api-1.1.0-sources.jar
2022-01-21 12:47:14,675 [Worker-58: Download sources and javadoc] INFO  o.e.m.j.internal.DownloadSourcesJob - Downloaded sources for org.apiguardian:apiguardian-api:1.1.0
2022-01-21 12:47:14,809 [Worker-58: Download sources and javadoc] INFO  o.e.m.c.i.e.AbstractTransferListenerAdapter - Downloading https://repo.maven.apache.org/maven2/org/opentest4j/opentest4j/1.2.0/opentest4j-1.2.0-sources.jar
2022-01-21 12:47:15,680 [Worker-58: Download sources and javadoc] INFO  o.e.m.c.i.e.AbstractTransferListenerAdapter - Downloaded https://repo.maven.apache.org/maven2/org/opentest4j/opentest4j/1.2.0/opentest4j-1.2.0-sources.jar
2022-01-21 12:47:15,689 [Worker-58: Download sources and javadoc] INFO  o.e.m.j.internal.DownloadSourcesJob - Downloaded sources for org.opentest4j:opentest4j:1.2.0
2022-01-21 12:47:15,873 [Worker-62: Building] WARN  o.e.m.c.i.embedder.EclipseLogger - Using platform encoding (Cp1252 actually) to copy filtered resources, i.e. build is platform dependent!
2022-01-21 12:47:15,873 [Worker-58: Download sources and javadoc] INFO  o.e.m.c.i.e.AbstractTransferListenerAdapter - Downloading https://repo.maven.apache.org/maven2/org/junit/platform/junit-platform-commons/1.7.2/junit-platform-commons-1.7.2-sources.jar
2022-01-21 12:47:15,875 [Worker-62: Building] INFO  o.e.m.c.i.embedder.EclipseLogger - skip non existing resourceDirectory C:\Users\rjdav\Documents\workspace-spring-tool-suite-4-4.13.0.RELEASE\Project0\com.revature.expense-reimbursements\src\main\resources
2022-01-21 12:47:15,877 [Worker-62: Building] WARN  o.e.m.c.i.embedder.EclipseLogger - Using platform encoding (Cp1252 actually) to copy filtered resources, i.e. build is platform dependent!
2022-01-21 12:47:15,878 [Worker-62: Building] INFO  o.e.m.c.i.embedder.EclipseLogger - skip non existing resourceDirectory C:\Users\rjdav\Documents\workspace-spring-tool-suite-4-4.13.0.RELEASE\Project0\com.revature.expense-reimbursements\src\test\resources
2022-01-21 12:47:16,205 [Worker-58: Download sources and javadoc] INFO  o.e.m.c.i.e.AbstractTransferListenerAdapter - Downloaded https://repo.maven.apache.org/maven2/org/junit/platform/junit-platform-commons/1.7.2/junit-platform-commons-1.7.2-sources.jar
2022-01-21 12:47:16,211 [Worker-58: Download sources and javadoc] INFO  o.e.m.j.internal.DownloadSourcesJob - Downloaded sources for org.junit.platform:junit-platform-commons:1.7.2
2022-01-21 12:47:16,483 [Worker-58: Download sources and javadoc] INFO  o.e.m.c.i.e.AbstractTransferListenerAdapter - Downloading https://repo.maven.apache.org/maven2/org/junit/jupiter/junit-jupiter-engine/5.7.2/junit-jupiter-engine-5.7.2-sources.jar
2022-01-21 12:47:16,794 [Worker-58: Download sources and javadoc] INFO  o.e.m.c.i.e.AbstractTransferListenerAdapter - Downloaded https://repo.maven.apache.org/maven2/org/junit/jupiter/junit-jupiter-engine/5.7.2/junit-jupiter-engine-5.7.2-sources.jar
2022-01-21 12:47:16,798 [Worker-58: Download sources and javadoc] INFO  o.e.m.j.internal.DownloadSourcesJob - Downloaded sources for org.junit.jupiter:junit-jupiter-engine:5.7.2
2022-01-21 12:47:16,901 [Worker-58: Download sources and javadoc] INFO  o.e.m.c.i.e.AbstractTransferListenerAdapter - Downloading https://repo.maven.apache.org/maven2/org/junit/platform/junit-platform-engine/1.7.2/junit-platform-engine-1.7.2-sources.jar
2022-01-21 12:47:17,040 [Worker-58: Download sources and javadoc] INFO  o.e.m.c.i.e.AbstractTransferListenerAdapter - Downloaded https://repo.maven.apache.org/maven2/org/junit/platform/junit-platform-engine/1.7.2/junit-platform-engine-1.7.2-sources.jar
2022-01-21 12:47:17,046 [Worker-58: Download sources and javadoc] INFO  o.e.m.j.internal.DownloadSourcesJob - Downloaded sources for org.junit.platform:junit-platform-engine:1.7.2
2022-01-21 12:47:17,284 [Worker-59: Building] WARN  o.e.m.c.i.embedder.EclipseLogger - Using platform encoding (Cp1252 actually) to copy filtered resources, i.e. build is platform dependent!
2022-01-21 12:47:17,286 [Worker-59: Building] INFO  o.e.m.c.i.embedder.EclipseLogger - skip non existing resourceDirectory C:\Users\rjdav\Documents\workspace-spring-tool-suite-4-4.13.0.RELEASE\Project0\com.revature.expense-reimbursements\src\main\resources
2022-01-21 12:47:17,289 [Worker-59: Building] WARN  o.e.m.c.i.embedder.EclipseLogger - Using platform encoding (Cp1252 actually) to copy filtered resources, i.e. build is platform dependent!
2022-01-21 12:47:17,293 [Worker-59: Building] INFO  o.e.m.c.i.embedder.EclipseLogger - skip non existing resourceDirectory C:\Users\rjdav\Documents\workspace-spring-tool-suite-4-4.13.0.RELEASE\Project0\com.revature.expense-reimbursements\src\test\resources
2022-01-21 12:47:35,718 [Worker-62: Updating Maven Project] INFO  o.e.m.c.i.p.ProjectConfigurationManager - Update started
2022-01-21 12:47:36,309 [Worker-62: Updating Maven Project] INFO  o.e.m.c.i.l.LifecycleMappingFactory - Using org.eclipse.m2e.jdt.JarLifecycleMapping lifecycle mapping for MavenProject: com.revature.expense-reimbursements:com.revature.expense-reimbursements:0.0.1-SNAPSHOT @ C:\Users\rjdav\Documents\workspace-spring-tool-suite-4-4.13.0.RELEASE\Project0\com.revature.expense-reimbursements\pom.xml.
2022-01-21 12:47:36,613 [Worker-62: Updating Maven Project] INFO  o.e.m.j.i.AbstractJavaProjectConfigurator - Adding source folder /com.revature.expense-reimbursements/src
2022-01-21 12:47:36,614 [Worker-62: Updating Maven Project] INFO  o.e.m.j.i.AbstractJavaProjectConfigurator - Not adding source folder /com.revature.expense-reimbursements/src/test/java because it overlaps with /com.revature.expense-reimbursements/src
2022-01-21 12:47:36,775 [Worker-62: Updating Maven Project] INFO  o.e.m.c.i.p.ProjectConfigurationManager - Update completed: 1 sec
2022-01-21 12:47:37,110 [Worker-59: Building] WARN  o.e.m.c.i.embedder.EclipseLogger - Using platform encoding (Cp1252 actually) to copy filtered resources, i.e. build is platform dependent!
2022-01-21 12:47:37,113 [Worker-59: Building] INFO  o.e.m.c.i.embedder.EclipseLogger - skip non existing resourceDirectory C:\Users\rjdav\Documents\workspace-spring-tool-suite-4-4.13.0.RELEASE\Project0\com.revature.expense-reimbursements\src\main\resources
2022-01-21 12:47:37,123 [Worker-59: Building] WARN  o.e.m.c.i.embedder.EclipseLogger - Using platform encoding (Cp1252 actually) to copy filtered resources, i.e. build is platform dependent!
2022-01-21 12:47:37,125 [Worker-59: Building] INFO  o.e.m.c.i.embedder.EclipseLogger - skip non existing resourceDirectory C:\Users\rjdav\Documents\workspace-spring-tool-suite-4-4.13.0.RELEASE\Project0\com.revature.expense-reimbursements\src\test\resources
2022-01-21 12:48:47,316 [Worker-61: Building] WARN  o.e.m.c.i.embedder.EclipseLogger - Using platform encoding (Cp1252 actually) to copy filtered resources, i.e. build is platform dependent!
2022-01-21 12:48:47,318 [Worker-61: Building] INFO  o.e.m.c.i.embedder.EclipseLogger - skip non existing resourceDirectory C:\Users\rjdav\Documents\workspace-spring-tool-suite-4-4.13.0.RELEASE\Project0\com.revature.expense-reimbursements\src\main\resources
2022-01-21 12:48:47,322 [Worker-61: Building] WARN  o.e.m.c.i.embedder.EclipseLogger - Using platform encoding (Cp1252 actually) to copy filtered resources, i.e. build is platform dependent!
2022-01-21 12:48:47,323 [Worker-61: Building] INFO  o.e.m.c.i.embedder.EclipseLogger - skip non existing resourceDirectory C:\Users\rjdav\Documents\workspace-spring-tool-suite-4-4.13.0.RELEASE\Project0\com.revature.expense-reimbursements\src\test\resources
2022-01-21 12:49:45,581 [Worker-61: Building] WARN  o.e.m.c.i.embedder.EclipseLogger - Using platform encoding (Cp1252 actually) to copy filtered resources, i.e. build is platform dependent!
2022-01-21 12:49:45,584 [Worker-61: Building] INFO  o.e.m.c.i.embedder.EclipseLogger - skip non existing resourceDirectory C:\Users\rjdav\Documents\workspace-spring-tool-suite-4-4.13.0.RELEASE\Project0\com.revature.expense-reimbursements\src\main\resources
2022-01-21 12:49:45,586 [Worker-61: Building] WARN  o.e.m.c.i.embedder.EclipseLogger - Using platform encoding (Cp1252 actually) to copy filtered resources, i.e. build is platform dependent!
2022-01-21 12:49:45,587 [Worker-61: Building] INFO  o.e.m.c.i.embedder.EclipseLogger - skip non existing resourceDirectory C:\Users\rjdav\Documents\workspace-spring-tool-suite-4-4.13.0.RELEASE\Project0\com.revature.expense-reimbursements\src\test\resources
2022-01-21 12:49:56,220 [Worker-58: Building] WARN  o.e.m.c.i.embedder.EclipseLogger - Using platform encoding (Cp1252 actually) to copy filtered resources, i.e. build is platform dependent!
2022-01-21 12:49:56,221 [Worker-58: Building] INFO  o.e.m.c.i.embedder.EclipseLogger - skip non existing resourceDirectory C:\Users\rjdav\Documents\workspace-spring-tool-suite-4-4.13.0.RELEASE\Project0\com.revature.expense-reimbursements\src\main\resources
2022-01-21 12:49:56,223 [Worker-58: Building] WARN  o.e.m.c.i.embedder.EclipseLogger - Using platform encoding (Cp1252 actually) to copy filtered resources, i.e. build is platform dependent!
2022-01-21 12:49:56,225 [Worker-58: Building] INFO  o.e.m.c.i.embedder.EclipseLogger - skip non existing resourceDirectory C:\Users\rjdav\Documents\workspace-spring-tool-suite-4-4.13.0.RELEASE\Project0\com.revature.expense-reimbursements\src\test\resources
2022-01-21 12:50:39,626 [Worker-66: Building] WARN  o.e.m.c.i.embedder.EclipseLogger - Using platform encoding (Cp1252 actually) to copy filtered resources, i.e. build is platform dependent!
2022-01-21 12:50:39,631 [Worker-66: Building] INFO  o.e.m.c.i.embedder.EclipseLogger - skip non existing resourceDirectory C:\Users\rjdav\Documents\workspace-spring-tool-suite-4-4.13.0.RELEASE\Project0\com.revature.expense-reimbursements\src\main\resources
2022-01-21 12:50:39,634 [Worker-66: Building] WARN  o.e.m.c.i.embedder.EclipseLogger - Using platform encoding (Cp1252 actually) to copy filtered resources, i.e. build is platform dependent!
2022-01-21 12:50:39,638 [Worker-66: Building] INFO  o.e.m.c.i.embedder.EclipseLogger - skip non existing resourceDirectory C:\Users\rjdav\Documents\workspace-spring-tool-suite-4-4.13.0.RELEASE\Project0\com.revature.expense-reimbursements\src\test\resources
2022-01-21 14:37:21,002 [Worker-69: Building] INFO  o.e.m.c.i.l.LifecycleMappingFactory - Using org.eclipse.m2e.jdt.JarLifecycleMapping lifecycle mapping for MavenProject: com.revature.expense-reimbursements:com.revature.expense-reimbursements:0.0.1-SNAPSHOT @ C:\Users\rjdav\Documents\workspace-spring-tool-suite-4-4.13.0.RELEASE\Project0\com.revature.expense-reimbursements\pom.xml.
2022-01-21 14:37:22,354 [Worker-69: Building] WARN  o.e.m.c.i.embedder.EclipseLogger - Using platform encoding (Cp1252 actually) to copy filtered resources, i.e. build is platform dependent!
2022-01-21 14:37:22,405 [Worker-69: Building] INFO  o.e.m.c.i.embedder.EclipseLogger - skip non existing resourceDirectory C:\Users\rjdav\Documents\workspace-spring-tool-suite-4-4.13.0.RELEASE\Project0\com.revature.expense-reimbursements\src\main\resources
2022-01-21 14:37:22,417 [Worker-69: Building] WARN  o.e.m.c.i.embedder.EclipseLogger - Using platform encoding (Cp1252 actually) to copy filtered resources, i.e. build is platform dependent!
2022-01-21 14:37:22,420 [Worker-69: Building] INFO  o.e.m.c.i.embedder.EclipseLogger - skip non existing resourceDirectory C:\Users\rjdav\Documents\workspace-spring-tool-suite-4-4.13.0.RELEASE\Project0\com.revature.expense-reimbursements\src\test\resources
2022-01-21 14:37:22,883 [Worker-63: Download sources and javadoc] INFO  o.e.m.c.i.e.AbstractTransferListenerAdapter - Downloading https://repo.maven.apache.org/maven2/org/apache/logging/log4j/log4j-api/2.6.1/log4j-api-2.6.1-sources.jar
2022-01-21 14:37:23,091 [Worker-63: Download sources and javadoc] INFO  o.e.m.c.i.e.AbstractTransferListenerAdapter - Downloaded https://repo.maven.apache.org/maven2/org/apache/logging/log4j/log4j-api/2.6.1/log4j-api-2.6.1-sources.jar
2022-01-21 14:37:23,105 [Worker-63: Download sources and javadoc] INFO  o.e.m.j.internal.DownloadSourcesJob - Downloaded sources for org.apache.logging.log4j:log4j-api:2.6.1
2022-01-21 14:37:23,360 [Worker-63: Download sources and javadoc] INFO  o.e.m.c.i.e.AbstractTransferListenerAdapter - Downloading https://repo.maven.apache.org/maven2/org/apache/logging/log4j/log4j-core/2.6.1/log4j-core-2.6.1-sources.jar
2022-01-21 14:37:23,696 [Worker-63: Download sources and javadoc] INFO  o.e.m.c.i.e.AbstractTransferListenerAdapter - Downloaded https://repo.maven.apache.org/maven2/org/apache/logging/log4j/log4j-core/2.6.1/log4j-core-2.6.1-sources.jar
2022-01-21 14:37:23,708 [Worker-63: Download sources and javadoc] INFO  o.e.m.j.internal.DownloadSourcesJob - Downloaded sources for org.apache.logging.log4j:log4j-core:2.6.1
2022-01-21 14:37:25,681 [Worker-69: Building] WARN  o.e.m.c.i.embedder.EclipseLogger - Using platform encoding (Cp1252 actually) to copy filtered resources, i.e. build is platform dependent!
2022-01-21 14:37:25,721 [Worker-69: Building] INFO  o.e.m.c.i.embedder.EclipseLogger - skip non existing resourceDirectory C:\Users\rjdav\Documents\workspace-spring-tool-suite-4-4.13.0.RELEASE\Project0\com.revature.expense-reimbursements\src\main\resources
2022-01-21 14:37:25,780 [Worker-69: Building] WARN  o.e.m.c.i.embedder.EclipseLogger - Using platform encoding (Cp1252 actually) to copy filtered resources, i.e. build is platform dependent!
2022-01-21 14:37:25,806 [Worker-69: Building] INFO  o.e.m.c.i.embedder.EclipseLogger - skip non existing resourceDirectory C:\Users\rjdav\Documents\workspace-spring-tool-suite-4-4.13.0.RELEASE\Project0\com.revature.expense-reimbursements\src\test\resources
2022-01-21 14:37:31,624 [Worker-69: Updating Maven Project] INFO  o.e.m.c.i.p.ProjectConfigurationManager - Update started
2022-01-21 14:37:32,427 [Worker-69: Updating Maven Project] INFO  o.e.m.c.i.l.LifecycleMappingFactory - Using org.eclipse.m2e.jdt.JarLifecycleMapping lifecycle mapping for MavenProject: com.revature.expense-reimbursements:com.revature.expense-reimbursements:0.0.1-SNAPSHOT @ C:\Users\rjdav\Documents\workspace-spring-tool-suite-4-4.13.0.RELEASE\Project0\com.revature.expense-reimbursements\pom.xml.
2022-01-21 14:37:33,218 [Worker-69: Updating Maven Project] INFO  o.e.m.j.i.AbstractJavaProjectConfigurator - Adding source folder /com.revature.expense-reimbursements/src
2022-01-21 14:37:33,219 [Worker-69: Updating Maven Project] INFO  o.e.m.j.i.AbstractJavaProjectConfigurator - Not adding source folder /com.revature.expense-reimbursements/src/test/java because it overlaps with /com.revature.expense-reimbursements/src
2022-01-21 14:37:34,420 [Worker-69: Updating Maven Project] INFO  o.e.m.c.i.p.ProjectConfigurationManager - Update completed: 2 sec
2022-01-21 14:37:36,379 [Worker-78: Building] WARN  o.e.m.c.i.embedder.EclipseLogger - Using platform encoding (Cp1252 actually) to copy filtered resources, i.e. build is platform dependent!
2022-01-21 14:37:36,395 [Worker-78: Building] INFO  o.e.m.c.i.embedder.EclipseLogger - skip non existing resourceDirectory C:\Users\rjdav\Documents\workspace-spring-tool-suite-4-4.13.0.RELEASE\Project0\com.revature.expense-reimbursements\src\main\resources
2022-01-21 14:37:36,407 [Worker-78: Building] WARN  o.e.m.c.i.embedder.EclipseLogger - Using platform encoding (Cp1252 actually) to copy filtered resources, i.e. build is platform dependent!
2022-01-21 14:37:36,420 [Worker-78: Building] INFO  o.e.m.c.i.embedder.EclipseLogger - skip non existing resourceDirectory C:\Users\rjdav\Documents\workspace-spring-tool-suite-4-4.13.0.RELEASE\Project0\com.revature.expense-reimbursements\src\test\resources
2022-01-23 19:29:29,145 [Worker-2: Loading available Gradle versions] INFO  o.e.b.c.i.u.g.PublishedGradleVersions - Gradle version information cache is out-of-date. Trying to update.
2022-01-23 19:57:18,147 [Worker-16: Building] WARN  o.e.m.c.i.embedder.EclipseLogger - Using platform encoding (Cp1252 actually) to copy filtered resources, i.e. build is platform dependent!
2022-01-23 19:57:18,148 [Worker-16: Building] INFO  o.e.m.c.i.embedder.EclipseLogger - skip non existing resourceDirectory C:\Users\rjdav\Documents\workspace-spring-tool-suite-4-4.13.0.RELEASE\Project0\com.revature.expense-reimbursements\src\main\resources
2022-01-23 19:57:18,151 [Worker-16: Building] WARN  o.e.m.c.i.embedder.EclipseLogger - Using platform encoding (Cp1252 actually) to copy filtered resources, i.e. build is platform dependent!
2022-01-23 19:57:18,152 [Worker-16: Building] INFO  o.e.m.c.i.embedder.EclipseLogger - skip non existing resourceDirectory C:\Users\rjdav\Documents\workspace-spring-tool-suite-4-4.13.0.RELEASE\Project0\com.revature.expense-reimbursements\src\test\resources
2022-01-23 20:11:59,298 [Worker-16: Building] WARN  o.e.m.c.i.embedder.EclipseLogger - Using platform encoding (Cp1252 actually) to copy filtered resources, i.e. build is platform dependent!
2022-01-23 20:11:59,300 [Worker-16: Building] INFO  o.e.m.c.i.embedder.EclipseLogger - skip non existing resourceDirectory C:\Users\rjdav\Documents\workspace-spring-tool-suite-4-4.13.0.RELEASE\Project0\com.revature.expense-reimbursements\src\main\resources
2022-01-23 20:11:59,303 [Worker-16: Building] WARN  o.e.m.c.i.embedder.EclipseLogger - Using platform encoding (Cp1252 actually) to copy filtered resources, i.e. build is platform dependent!
2022-01-23 20:11:59,305 [Worker-16: Building] INFO  o.e.m.c.i.embedder.EclipseLogger - skip non existing resourceDirectory C:\Users\rjdav\Documents\workspace-spring-tool-suite-4-4.13.0.RELEASE\Project0\com.revature.expense-reimbursements\src\test\resources
2022-01-23 20:12:58,531 [Worker-16: Building] WARN  o.e.m.c.i.embedder.EclipseLogger - Using platform encoding (Cp1252 actually) to copy filtered resources, i.e. build is platform dependent!
2022-01-23 20:12:58,533 [Worker-16: Building] INFO  o.e.m.c.i.embedder.EclipseLogger - skip non existing resourceDirectory C:\Users\rjdav\Documents\workspace-spring-tool-suite-4-4.13.0.RELEASE\Project0\com.revature.expense-reimbursements\src\main\resources
2022-01-23 20:12:58,535 [Worker-16: Building] WARN  o.e.m.c.i.embedder.EclipseLogger - Using platform encoding (Cp1252 actually) to copy filtered resources, i.e. build is platform dependent!
2022-01-23 20:12:58,537 [Worker-16: Building] INFO  o.e.m.c.i.embedder.EclipseLogger - skip non existing resourceDirectory C:\Users\rjdav\Documents\workspace-spring-tool-suite-4-4.13.0.RELEASE\Project0\com.revature.expense-reimbursements\src\test\resources
2022-01-23 20:21:16,325 [Worker-22: Building] WARN  o.e.m.c.i.embedder.EclipseLogger - Using platform encoding (Cp1252 actually) to copy filtered resources, i.e. build is platform dependent!
2022-01-23 20:21:16,327 [Worker-22: Building] INFO  o.e.m.c.i.embedder.EclipseLogger - skip non existing resourceDirectory C:\Users\rjdav\Documents\workspace-spring-tool-suite-4-4.13.0.RELEASE\Project0\com.revature.expense-reimbursements\src\main\resources
2022-01-23 20:21:16,330 [Worker-22: Building] WARN  o.e.m.c.i.embedder.EclipseLogger - Using platform encoding (Cp1252 actually) to copy filtered resources, i.e. build is platform dependent!
2022-01-23 20:21:16,331 [Worker-22: Building] INFO  o.e.m.c.i.embedder.EclipseLogger - skip non existing resourceDirectory C:\Users\rjdav\Documents\workspace-spring-tool-suite-4-4.13.0.RELEASE\Project0\com.revature.expense-reimbursements\src\test\resources
2022-01-23 20:38:43,755 [Worker-26: Building] WARN  o.e.m.c.i.embedder.EclipseLogger - Using platform encoding (Cp1252 actually) to copy filtered resources, i.e. build is platform dependent!
2022-01-23 20:38:43,756 [Worker-26: Building] INFO  o.e.m.c.i.embedder.EclipseLogger - skip non existing resourceDirectory C:\Users\rjdav\Documents\workspace-spring-tool-suite-4-4.13.0.RELEASE\Project0\com.revature.expense-reimbursements\src\main\resources
2022-01-23 20:38:43,758 [Worker-26: Building] WARN  o.e.m.c.i.embedder.EclipseLogger - Using platform encoding (Cp1252 actually) to copy filtered resources, i.e. build is platform dependent!
2022-01-23 20:38:43,759 [Worker-26: Building] INFO  o.e.m.c.i.embedder.EclipseLogger - skip non existing resourceDirectory C:\Users\rjdav\Documents\workspace-spring-tool-suite-4-4.13.0.RELEASE\Project0\com.revature.expense-reimbursements\src\test\resources
2022-01-23 20:39:43,425 [Worker-28: Building] WARN  o.e.m.c.i.embedder.EclipseLogger - Using platform encoding (Cp1252 actually) to copy filtered resources, i.e. build is platform dependent!
2022-01-23 20:39:43,427 [Worker-28: Building] INFO  o.e.m.c.i.embedder.EclipseLogger - skip non existing resourceDirectory C:\Users\rjdav\Documents\workspace-spring-tool-suite-4-4.13.0.RELEASE\Project0\com.revature.expense-reimbursements\src\main\resources
2022-01-23 20:39:43,429 [Worker-28: Building] WARN  o.e.m.c.i.embedder.EclipseLogger - Using platform encoding (Cp1252 actually) to copy filtered resources, i.e. build is platform dependent!
2022-01-23 20:39:43,430 [Worker-28: Building] INFO  o.e.m.c.i.embedder.EclipseLogger - skip non existing resourceDirectory C:\Users\rjdav\Documents\workspace-spring-tool-suite-4-4.13.0.RELEASE\Project0\com.revature.expense-reimbursements\src\test\resources
2022-01-23 21:00:57,413 [Worker-32: Building] WARN  o.e.m.c.i.embedder.EclipseLogger - Using platform encoding (Cp1252 actually) to copy filtered resources, i.e. build is platform dependent!
2022-01-23 21:00:57,415 [Worker-32: Building] INFO  o.e.m.c.i.embedder.EclipseLogger - skip non existing resourceDirectory C:\Users\rjdav\Documents\workspace-spring-tool-suite-4-4.13.0.RELEASE\Project0\com.revature.expense-reimbursements\src\main\resources
2022-01-23 21:00:57,417 [Worker-32: Building] WARN  o.e.m.c.i.embedder.EclipseLogger - Using platform encoding (Cp1252 actually) to copy filtered resources, i.e. build is platform dependent!
2022-01-23 21:00:57,418 [Worker-32: Building] INFO  o.e.m.c.i.embedder.EclipseLogger - skip non existing resourceDirectory C:\Users\rjdav\Documents\workspace-spring-tool-suite-4-4.13.0.RELEASE\Project0\com.revature.expense-reimbursements\src\test\resources
2022-01-23 21:03:45,875 [Worker-33: Building] WARN  o.e.m.c.i.embedder.EclipseLogger - Using platform encoding (Cp1252 actually) to copy filtered resources, i.e. build is platform dependent!
2022-01-23 21:03:45,876 [Worker-33: Building] INFO  o.e.m.c.i.embedder.EclipseLogger - skip non existing resourceDirectory C:\Users\rjdav\Documents\workspace-spring-tool-suite-4-4.13.0.RELEASE\Project0\com.revature.expense-reimbursements\src\main\resources
2022-01-23 21:03:45,880 [Worker-33: Building] WARN  o.e.m.c.i.embedder.EclipseLogger - Using platform encoding (Cp1252 actually) to copy filtered resources, i.e. build is platform dependent!
2022-01-23 21:03:45,881 [Worker-33: Building] INFO  o.e.m.c.i.embedder.EclipseLogger - skip non existing resourceDirectory C:\Users\rjdav\Documents\workspace-spring-tool-suite-4-4.13.0.RELEASE\Project0\com.revature.expense-reimbursements\src\test\resources
2022-01-23 21:06:47,777 [Worker-35: Building] WARN  o.e.m.c.i.embedder.EclipseLogger - Using platform encoding (Cp1252 actually) to copy filtered resources, i.e. build is platform dependent!
2022-01-23 21:06:47,779 [Worker-35: Building] INFO  o.e.m.c.i.embedder.EclipseLogger - skip non existing resourceDirectory C:\Users\rjdav\Documents\workspace-spring-tool-suite-4-4.13.0.RELEASE\Project0\com.revature.expense-reimbursements\src\main\resources
2022-01-23 21:06:47,780 [Worker-35: Building] WARN  o.e.m.c.i.embedder.EclipseLogger - Using platform encoding (Cp1252 actually) to copy filtered resources, i.e. build is platform dependent!
2022-01-23 21:06:47,782 [Worker-35: Building] INFO  o.e.m.c.i.embedder.EclipseLogger - skip non existing resourceDirectory C:\Users\rjdav\Documents\workspace-spring-tool-suite-4-4.13.0.RELEASE\Project0\com.revature.expense-reimbursements\src\test\resources
